<?xml version="1.0" encoding="UTF-8"?>
<!-- Generated by org.testng.reporters.JUnitXMLReporter -->
<testsuite ignored="0" hostname="DESKTOP-PRQ128L" failures="0" tests="159" name="Default test" time="695.638" errors="0" timestamp="2021-01-22T12:45:58 IST">
  <testcase classname="test.CarNbike.ProdTestSuite.LinkTest" name="code" time="5.535"/>
  <testcase classname="test.CarNbike.ProdTestSuite.LinkTest" name="code" time="4.066"/>
  <testcase classname="test.CarNbike.ProdTestSuite.LinkTest" name="code" time="3.29"/>
  <testcase classname="test.CarNbike.ProdTestSuite.LinkTest" name="code" time="3.01"/>
  <testcase classname="test.CarNbike.ProdTestSuite.LinkTest" name="code" time="3.898"/>
  <testcase classname="test.CarNbike.ProdTestSuite.LinkTest" name="code" time="3.241"/>
  <testcase classname="test.CarNbike.ProdTestSuite.LinkTest" name="code" time="2.991"/>
  <testcase classname="test.CarNbike.ProdTestSuite.LinkTest" name="code" time="2.968"/>
  <testcase classname="test.CarNbike.ProdTestSuite.LinkTest" name="code" time="4.531"/>
  <testcase classname="test.CarNbike.ProdTestSuite.LinkTest" name="code" time="9.227"/>
  <testcase classname="test.CarNbike.ProdTestSuite.LinkTest" name="code" time="6.397"/>
  <testcase classname="test.CarNbike.ProdTestSuite.LinkTest" name="code" time="6.596"/>
  <testcase classname="test.CarNbike.ProdTestSuite.LinkTest" name="code" time="5.433"/>
  <testcase classname="test.CarNbike.ProdTestSuite.LinkTest" name="code" time="4.351"/>
  <testcase classname="test.CarNbike.ProdTestSuite.LinkTest" name="code" time="5.597"/>
  <testcase classname="test.CarNbike.ProdTestSuite.LinkTest" name="code" time="6.751"/>
  <testcase classname="test.CarNbike.ProdTestSuite.LinkTest" name="code" time="6.543"/>
  <testcase classname="test.CarNbike.ProdTestSuite.LinkTest" name="code" time="4.836"/>
  <testcase classname="test.CarNbike.ProdTestSuite.LinkTest" name="code" time="3.393"/>
  <testcase classname="test.CarNbike.ProdTestSuite.LinkTest" name="code" time="3.768"/>
  <testcase classname="test.CarNbike.ProdTestSuite.LinkTest" name="code" time="2.931"/>
  <testcase classname="test.CarNbike.ProdTestSuite.LinkTest" name="code" time="3.147"/>
  <testcase classname="test.CarNbike.ProdTestSuite.LinkTest" name="code" time="6.277"/>
  <testcase classname="test.CarNbike.ProdTestSuite.LinkTest" name="code" time="5.425"/>
  <testcase classname="test.CarNbike.ProdTestSuite.LinkTest" name="code" time="7.989"/>
  <testcase classname="test.CarNbike.ProdTestSuite.LinkTest" name="code" time="4.426"/>
  <testcase classname="test.CarNbike.ProdTestSuite.LinkTest" name="code" time="3.325"/>
  <testcase classname="test.CarNbike.ProdTestSuite.LinkTest" name="code" time="3.793"/>
  <testcase classname="test.CarNbike.ProdTestSuite.LinkTest" name="code" time="7.671"/>
  <testcase classname="test.CarNbike.ProdTestSuite.LinkTest" name="code" time="13.455"/>
  <testcase classname="test.CarNbike.ProdTestSuite.LinkTest" name="code" time="5.907"/>
  <testcase classname="test.CarNbike.ProdTestSuite.LinkTest" name="code" time="4.331"/>
  <testcase classname="test.CarNbike.ProdTestSuite.LinkTest" name="code" time="3.578"/>
  <testcase classname="test.CarNbike.ProdTestSuite.LinkTest" name="code" time="3.802"/>
  <testcase classname="test.CarNbike.ProdTestSuite.LinkTest" name="code" time="3.151"/>
  <testcase classname="test.CarNbike.ProdTestSuite.LinkTest" name="code" time="2.99"/>
  <testcase classname="test.CarNbike.ProdTestSuite.LinkTest" name="code" time="3.046"/>
  <testcase classname="test.CarNbike.ProdTestSuite.LinkTest" name="code" time="3.124"/>
  <testcase classname="test.CarNbike.ProdTestSuite.LinkTest" name="code" time="3.367"/>
  <testcase classname="test.CarNbike.ProdTestSuite.LinkTest" name="code" time="3.874"/>
  <testcase classname="test.CarNbike.ProdTestSuite.LinkTest" name="code" time="4.082"/>
  <testcase classname="test.CarNbike.ProdTestSuite.LinkTest" name="code" time="8.887"/>
  <testcase classname="test.CarNbike.ProdTestSuite.LinkTest" name="code" time="4.482"/>
  <testcase classname="test.CarNbike.ProdTestSuite.LinkTest" name="code" time="3.833"/>
  <testcase classname="test.CarNbike.ProdTestSuite.LinkTest" name="code" time="3.241"/>
  <testcase classname="test.CarNbike.ProdTestSuite.LinkTest" name="code" time="5.015"/>
  <testcase classname="test.CarNbike.ProdTestSuite.LinkTest" name="code" time="9.608"/>
  <testcase classname="test.CarNbike.ProdTestSuite.LinkTest" name="code" time="5.249"/>
  <testcase classname="test.CarNbike.ProdTestSuite.LinkTest" name="code" time="5.736"/>
  <testcase classname="test.CarNbike.ProdTestSuite.LinkTest" name="code" time="4.96"/>
  <testcase classname="test.CarNbike.ProdTestSuite.LinkTest" name="code" time="4.746"/>
  <testcase classname="test.CarNbike.ProdTestSuite.LinkTest" name="code" time="3.802"/>
  <testcase classname="test.CarNbike.ProdTestSuite.LinkTest" name="code" time="3.855"/>
  <testcase classname="test.CarNbike.ProdTestSuite.LinkTest" name="code" time="5.239"/>
  <testcase classname="test.CarNbike.ProdTestSuite.LinkTest" name="code" time="4.621"/>
  <testcase classname="test.CarNbike.ProdTestSuite.LinkTest" name="code" time="6.158"/>
  <testcase classname="test.CarNbike.ProdTestSuite.LinkTest" name="code" time="4.896"/>
  <testcase classname="test.CarNbike.ProdTestSuite.LinkTest" name="code" time="6.683"/>
  <testcase classname="test.CarNbike.ProdTestSuite.LinkTest" name="code" time="3.79"/>
  <testcase classname="test.CarNbike.ProdTestSuite.LinkTest" name="code" time="3.69"/>
  <testcase classname="test.CarNbike.ProdTestSuite.LinkTest" name="code" time="4.481"/>
  <testcase classname="test.CarNbike.ProdTestSuite.LinkTest" name="code" time="3.379"/>
  <testcase classname="test.CarNbike.ProdTestSuite.LinkTest" name="code" time="5.348"/>
  <testcase classname="test.CarNbike.ProdTestSuite.LinkTest" name="code" time="10.267"/>
  <testcase classname="test.CarNbike.ProdTestSuite.LinkTest" name="code" time="7.927"/>
  <testcase classname="test.CarNbike.ProdTestSuite.LinkTest" name="code" time="11.156"/>
  <testcase classname="test.CarNbike.ProdTestSuite.LinkTest" name="code" time="8.412"/>
  <testcase classname="test.CarNbike.ProdTestSuite.LinkTest" name="code" time="10.133"/>
  <testcase classname="test.CarNbike.ProdTestSuite.LinkTest" name="code" time="5.168"/>
  <testcase classname="test.CarNbike.ProdTestSuite.LinkTest" name="code" time="4.421"/>
  <testcase classname="test.CarNbike.ProdTestSuite.LinkTest" name="code" time="4.06"/>
  <testcase classname="test.CarNbike.ProdTestSuite.LinkTest" name="code" time="4.155"/>
  <testcase classname="test.CarNbike.ProdTestSuite.LinkTest" name="code" time="3.832"/>
  <testcase classname="test.CarNbike.ProdTestSuite.LinkTest" name="code" time="3.904"/>
  <testcase classname="test.CarNbike.ProdTestSuite.LinkTest" name="code" time="5.953"/>
  <testcase classname="test.CarNbike.ProdTestSuite.LinkTest" name="code" time="3.902"/>
  <testcase classname="test.CarNbike.ProdTestSuite.LinkTest" name="code" time="4.188"/>
  <testcase classname="test.CarNbike.ProdTestSuite.LinkTest" name="code" time="3.16"/>
  <testcase classname="test.CarNbike.ProdTestSuite.LinkTest" name="code" time="3.049"/>
  <testcase classname="test.CarNbike.ProdTestSuite.LinkTest" name="code" time="3.435"/>
  <testcase classname="test.CarNbike.ProdTestSuite.LinkTest" name="code" time="3.48"/>
  <testcase classname="test.CarNbike.ProdTestSuite.LinkTest" name="code" time="3.471"/>
  <testcase classname="test.CarNbike.ProdTestSuite.LinkTest" name="code" time="3.335"/>
  <testcase classname="test.CarNbike.ProdTestSuite.LinkTest" name="code" time="3.255"/>
  <testcase classname="test.CarNbike.ProdTestSuite.LinkTest" name="code" time="3.36"/>
  <testcase classname="test.CarNbike.ProdTestSuite.LinkTest" name="code" time="3.162"/>
  <testcase classname="test.CarNbike.ProdTestSuite.LinkTest" name="code" time="3.633"/>
  <testcase classname="test.CarNbike.ProdTestSuite.LinkTest" name="code" time="3.287"/>
  <testcase classname="test.CarNbike.ProdTestSuite.LinkTest" name="code" time="3.57"/>
  <testcase classname="test.CarNbike.ProdTestSuite.LinkTest" name="code" time="3.618"/>
  <testcase classname="test.CarNbike.ProdTestSuite.LinkTest" name="code" time="3.431"/>
  <testcase classname="test.CarNbike.ProdTestSuite.LinkTest" name="code" time="3.405"/>
  <testcase classname="test.CarNbike.ProdTestSuite.LinkTest" name="code" time="3.524"/>
  <testcase classname="test.CarNbike.ProdTestSuite.LinkTest" name="code" time="3.558"/>
  <testcase classname="test.CarNbike.ProdTestSuite.LinkTest" name="code" time="4.206"/>
  <testcase classname="test.CarNbike.ProdTestSuite.LinkTest" name="code" time="3.954"/>
  <testcase classname="test.CarNbike.ProdTestSuite.LinkTest" name="code" time="5.009"/>
  <testcase classname="test.CarNbike.ProdTestSuite.LinkTest" name="code" time="3.755"/>
  <testcase classname="test.CarNbike.ProdTestSuite.LinkTest" name="code" time="3.729"/>
  <testcase classname="test.CarNbike.ProdTestSuite.LinkTest" name="code" time="2.959"/>
  <testcase classname="test.CarNbike.ProdTestSuite.LinkTest" name="code" time="3.685"/>
  <testcase classname="test.CarNbike.ProdTestSuite.LinkTest" name="code" time="3.145"/>
  <testcase classname="test.CarNbike.ProdTestSuite.LinkTest" name="code" time="3.154"/>
  <testcase classname="test.CarNbike.ProdTestSuite.LinkTest" name="code" time="3.86"/>
  <testcase classname="test.CarNbike.ProdTestSuite.LinkTest" name="code" time="3.59"/>
  <testcase classname="test.CarNbike.ProdTestSuite.LinkTest" name="code" time="3.209"/>
  <testcase classname="test.CarNbike.ProdTestSuite.LinkTest" name="code" time="3.382"/>
  <testcase classname="test.CarNbike.ProdTestSuite.LinkTest" name="code" time="3.691"/>
  <testcase classname="test.CarNbike.ProdTestSuite.LinkTest" name="code" time="3.814"/>
  <testcase classname="test.CarNbike.ProdTestSuite.LinkTest" name="code" time="3.51"/>
  <testcase classname="test.CarNbike.ProdTestSuite.LinkTest" name="code" time="3.178"/>
  <testcase classname="test.CarNbike.ProdTestSuite.LinkTest" name="code" time="3.586"/>
  <testcase classname="test.CarNbike.ProdTestSuite.LinkTest" name="code" time="3.828"/>
  <testcase classname="test.CarNbike.ProdTestSuite.LinkTest" name="code" time="3.532"/>
  <testcase classname="test.CarNbike.ProdTestSuite.LinkTest" name="code" time="4.169"/>
  <testcase classname="test.CarNbike.ProdTestSuite.LinkTest" name="code" time="3.596"/>
  <testcase classname="test.CarNbike.ProdTestSuite.LinkTest" name="code" time="4.347"/>
  <testcase classname="test.CarNbike.ProdTestSuite.LinkTest" name="code" time="3.444"/>
  <testcase classname="test.CarNbike.ProdTestSuite.LinkTest" name="code" time="3.526"/>
  <testcase classname="test.CarNbike.ProdTestSuite.LinkTest" name="code" time="3.462"/>
  <testcase classname="test.CarNbike.ProdTestSuite.LinkTest" name="code" time="3.951"/>
  <testcase classname="test.CarNbike.ProdTestSuite.LinkTest" name="code" time="3.747"/>
  <testcase classname="test.CarNbike.ProdTestSuite.LinkTest" name="code" time="4.218"/>
  <testcase classname="test.CarNbike.ProdTestSuite.LinkTest" name="code" time="3.691"/>
  <testcase classname="test.CarNbike.ProdTestSuite.LinkTest" name="code" time="3.782"/>
  <testcase classname="test.CarNbike.ProdTestSuite.LinkTest" name="code" time="4.23"/>
  <testcase classname="test.CarNbike.ProdTestSuite.LinkTest" name="code" time="4.129"/>
  <testcase classname="test.CarNbike.ProdTestSuite.LinkTest" name="code" time="4.847"/>
  <testcase classname="test.CarNbike.ProdTestSuite.LinkTest" name="code" time="4.203"/>
  <testcase classname="test.CarNbike.ProdTestSuite.LinkTest" name="code" time="4.004"/>
  <testcase classname="test.CarNbike.ProdTestSuite.LinkTest" name="code" time="4.0"/>
  <testcase classname="test.CarNbike.ProdTestSuite.LinkTest" name="code" time="3.28"/>
  <testcase classname="test.CarNbike.ProdTestSuite.LinkTest" name="code" time="2.911"/>
  <testcase classname="test.CarNbike.ProdTestSuite.LinkTest" name="code" time="3.525"/>
  <testcase classname="test.CarNbike.ProdTestSuite.LinkTest" name="code" time="3.525"/>
  <testcase classname="test.CarNbike.ProdTestSuite.LinkTest" name="code" time="3.496"/>
  <testcase classname="test.CarNbike.ProdTestSuite.LinkTest" name="code" time="3.503"/>
  <testcase classname="test.CarNbike.ProdTestSuite.LinkTest" name="code" time="3.593"/>
  <testcase classname="test.CarNbike.ProdTestSuite.LinkTest" name="code" time="3.274"/>
  <testcase classname="test.CarNbike.ProdTestSuite.LinkTest" name="code" time="3.324"/>
  <testcase classname="test.CarNbike.ProdTestSuite.LinkTest" name="code" time="3.416"/>
  <testcase classname="test.CarNbike.ProdTestSuite.LinkTest" name="code" time="3.098"/>
  <testcase classname="test.CarNbike.ProdTestSuite.LinkTest" name="code" time="3.214"/>
  <testcase classname="test.CarNbike.ProdTestSuite.LinkTest" name="code" time="3.23"/>
  <testcase classname="test.CarNbike.ProdTestSuite.LinkTest" name="code" time="4.073"/>
  <testcase classname="test.CarNbike.ProdTestSuite.LinkTest" name="code" time="2.76"/>
  <testcase classname="test.CarNbike.ProdTestSuite.LinkTest" name="code" time="3.346"/>
  <testcase classname="test.CarNbike.ProdTestSuite.LinkTest" name="code" time="3.384"/>
  <testcase classname="test.CarNbike.ProdTestSuite.LinkTest" name="code" time="2.996"/>
  <testcase classname="test.CarNbike.ProdTestSuite.LinkTest" name="code" time="3.658"/>
  <testcase classname="test.CarNbike.ProdTestSuite.LinkTest" name="code" time="3.847"/>
  <testcase classname="test.CarNbike.ProdTestSuite.LinkTest" name="code" time="3.232"/>
  <testcase classname="test.CarNbike.ProdTestSuite.LinkTest" name="code" time="3.402"/>
  <testcase classname="test.CarNbike.ProdTestSuite.LinkTest" name="code" time="3.428"/>
  <testcase classname="test.CarNbike.ProdTestSuite.LinkTest" name="code" time="3.37"/>
  <testcase classname="test.CarNbike.ProdTestSuite.LinkTest" name="code" time="3.205"/>
  <testcase classname="test.CarNbike.ProdTestSuite.LinkTest" name="code" time="3.358"/>
  <testcase classname="test.CarNbike.ProdTestSuite.LinkTest" name="code" time="3.498"/>
  <testcase classname="test.CarNbike.ProdTestSuite.LinkTest" name="code" time="3.021"/>
</testsuite> <!-- Default test -->
