<?xml version="1.0" encoding="UTF-8"?>
<testng-results ignored="0" total="159" passed="159" failed="0" skipped="0">
  <reporter-output>
  </reporter-output>
  <suite started-at="2021-01-22T12:34:22 IST" name="Default suite" finished-at="2021-01-22T12:45:58 IST" duration-ms="695638">
    <groups>
    </groups>
    <test started-at="2021-01-22T12:34:22 IST" name="Default test" finished-at="2021-01-22T12:45:58 IST" duration-ms="695638">
      <class name="test.CarNbike.ProdTestSuite.LinkTest">
        <test-method is-config="true" signature="setup()[pri:0, instance:test.CarNbike.ProdTestSuite.LinkTest@5ae50ce6]" started-at="2021-01-22T12:34:22 IST" name="setup" finished-at="2021-01-22T12:34:29 IST" duration-ms="6691" status="PASS">
          <reporter-output>
          </reporter-output>
        </test-method> <!-- setup -->
        <test-method signature="code(java.lang.String)[pri:0, instance:test.CarNbike.ProdTestSuite.LinkTest@5ae50ce6]" started-at="2021-01-22T12:34:29 IST" name="code" data-provider="excelData" finished-at="2021-01-22T12:34:35 IST" duration-ms="5535" status="PASS">
          <params>
            <param index="0">
              <value>
                <![CDATA[https://www.carandbike.com/new-cars]]>
              </value>
            </param>
          </params>
          <reporter-output>
          </reporter-output>
        </test-method> <!-- code -->
        <test-method signature="code(java.lang.String)[pri:0, instance:test.CarNbike.ProdTestSuite.LinkTest@5ae50ce6]" started-at="2021-01-22T12:34:35 IST" name="code" data-provider="excelData" finished-at="2021-01-22T12:34:39 IST" duration-ms="4066" status="PASS">
          <params>
            <param index="0">
              <value>
                <![CDATA[https://www.carandbike.com/new-cars/models]]>
              </value>
            </param>
          </params>
          <reporter-output>
          </reporter-output>
        </test-method> <!-- code -->
        <test-method signature="code(java.lang.String)[pri:0, instance:test.CarNbike.ProdTestSuite.LinkTest@5ae50ce6]" started-at="2021-01-22T12:34:39 IST" name="code" data-provider="excelData" finished-at="2021-01-22T12:34:42 IST" duration-ms="3290" status="PASS">
          <params>
            <param index="0">
              <value>
                <![CDATA[https://www.carandbike.com/compare-cars]]>
              </value>
            </param>
          </params>
          <reporter-output>
          </reporter-output>
        </test-method> <!-- code -->
        <test-method signature="code(java.lang.String)[pri:0, instance:test.CarNbike.ProdTestSuite.LinkTest@5ae50ce6]" started-at="2021-01-22T12:34:42 IST" name="code" data-provider="excelData" finished-at="2021-01-22T12:34:45 IST" duration-ms="3010" status="PASS">
          <params>
            <param index="0">
              <value>
                <![CDATA[https://www.carandbike.com/upcoming-cars]]>
              </value>
            </param>
          </params>
          <reporter-output>
          </reporter-output>
        </test-method> <!-- code -->
        <test-method signature="code(java.lang.String)[pri:0, instance:test.CarNbike.ProdTestSuite.LinkTest@5ae50ce6]" started-at="2021-01-22T12:34:45 IST" name="code" data-provider="excelData" finished-at="2021-01-22T12:34:49 IST" duration-ms="3898" status="PASS">
          <params>
            <param index="0">
              <value>
                <![CDATA[https://www.carandbike.com/new-cars/launches]]>
              </value>
            </param>
          </params>
          <reporter-output>
          </reporter-output>
        </test-method> <!-- code -->
        <test-method signature="code(java.lang.String)[pri:0, instance:test.CarNbike.ProdTestSuite.LinkTest@5ae50ce6]" started-at="2021-01-22T12:34:49 IST" name="code" data-provider="excelData" finished-at="2021-01-22T12:34:52 IST" duration-ms="3241" status="PASS">
          <params>
            <param index="0">
              <value>
                <![CDATA[https://www.carandbike.com/research/monthly-payments]]>
              </value>
            </param>
          </params>
          <reporter-output>
          </reporter-output>
        </test-method> <!-- code -->
        <test-method signature="code(java.lang.String)[pri:0, instance:test.CarNbike.ProdTestSuite.LinkTest@5ae50ce6]" started-at="2021-01-22T12:34:52 IST" name="code" data-provider="excelData" finished-at="2021-01-22T12:34:55 IST" duration-ms="2991" status="PASS">
          <params>
            <param index="0">
              <value>
                <![CDATA[https://www.carandbike.com/research/recommend-cars]]>
              </value>
            </param>
          </params>
          <reporter-output>
          </reporter-output>
        </test-method> <!-- code -->
        <test-method signature="code(java.lang.String)[pri:0, instance:test.CarNbike.ProdTestSuite.LinkTest@5ae50ce6]" started-at="2021-01-22T12:34:55 IST" name="code" data-provider="excelData" finished-at="2021-01-22T12:34:58 IST" duration-ms="2968" status="PASS">
          <params>
            <param index="0">
              <value>
                <![CDATA[https://www.carandbike.com/research/cost-to-own]]>
              </value>
            </param>
          </params>
          <reporter-output>
          </reporter-output>
        </test-method> <!-- code -->
        <test-method signature="code(java.lang.String)[pri:0, instance:test.CarNbike.ProdTestSuite.LinkTest@5ae50ce6]" started-at="2021-01-22T12:34:58 IST" name="code" data-provider="excelData" finished-at="2021-01-22T12:35:03 IST" duration-ms="4531" status="PASS">
          <params>
            <param index="0">
              <value>
                <![CDATA[https://www.carandbike.com/research/affordable-cars]]>
              </value>
            </param>
          </params>
          <reporter-output>
          </reporter-output>
        </test-method> <!-- code -->
        <test-method signature="code(java.lang.String)[pri:0, instance:test.CarNbike.ProdTestSuite.LinkTest@5ae50ce6]" started-at="2021-01-22T12:35:03 IST" name="code" data-provider="excelData" finished-at="2021-01-22T12:35:12 IST" duration-ms="9227" status="PASS">
          <params>
            <param index="0">
              <value>
                <![CDATA[https://www.carandbike.com/car-dealers]]>
              </value>
            </param>
          </params>
          <reporter-output>
          </reporter-output>
        </test-method> <!-- code -->
        <test-method signature="code(java.lang.String)[pri:0, instance:test.CarNbike.ProdTestSuite.LinkTest@5ae50ce6]" started-at="2021-01-22T12:35:12 IST" name="code" data-provider="excelData" finished-at="2021-01-22T12:35:18 IST" duration-ms="6397" status="PASS">
          <params>
            <param index="0">
              <value>
                <![CDATA[https://www.carandbike.com/new-cars/cars-under-3-lakh]]>
              </value>
            </param>
          </params>
          <reporter-output>
          </reporter-output>
        </test-method> <!-- code -->
        <test-method signature="code(java.lang.String)[pri:0, instance:test.CarNbike.ProdTestSuite.LinkTest@5ae50ce6]" started-at="2021-01-22T12:35:18 IST" name="code" data-provider="excelData" finished-at="2021-01-22T12:35:25 IST" duration-ms="6596" status="PASS">
          <params>
            <param index="0">
              <value>
                <![CDATA[https://www.carandbike.com/new-cars/cars-under-4-lakh]]>
              </value>
            </param>
          </params>
          <reporter-output>
          </reporter-output>
        </test-method> <!-- code -->
        <test-method signature="code(java.lang.String)[pri:0, instance:test.CarNbike.ProdTestSuite.LinkTest@5ae50ce6]" started-at="2021-01-22T12:35:25 IST" name="code" data-provider="excelData" finished-at="2021-01-22T12:35:30 IST" duration-ms="5433" status="PASS">
          <params>
            <param index="0">
              <value>
                <![CDATA[https://www.carandbike.com/used/cars-for-sale]]>
              </value>
            </param>
          </params>
          <reporter-output>
          </reporter-output>
        </test-method> <!-- code -->
        <test-method signature="code(java.lang.String)[pri:0, instance:test.CarNbike.ProdTestSuite.LinkTest@5ae50ce6]" started-at="2021-01-22T12:35:30 IST" name="code" data-provider="excelData" finished-at="2021-01-22T12:35:35 IST" duration-ms="4351" status="PASS">
          <params>
            <param index="0">
              <value>
                <![CDATA[https://www.carandbike.com/used/sell-cars]]>
              </value>
            </param>
          </params>
          <reporter-output>
          </reporter-output>
        </test-method> <!-- code -->
        <test-method signature="code(java.lang.String)[pri:0, instance:test.CarNbike.ProdTestSuite.LinkTest@5ae50ce6]" started-at="2021-01-22T12:35:35 IST" name="code" data-provider="excelData" finished-at="2021-01-22T12:35:40 IST" duration-ms="5597" status="PASS">
          <params>
            <param index="0">
              <value>
                <![CDATA[https://www.carandbike.com/used/car-valuation-price-calculator]]>
              </value>
            </param>
          </params>
          <reporter-output>
          </reporter-output>
        </test-method> <!-- code -->
        <test-method signature="code(java.lang.String)[pri:0, instance:test.CarNbike.ProdTestSuite.LinkTest@5ae50ce6]" started-at="2021-01-22T12:35:40 IST" name="code" data-provider="excelData" finished-at="2021-01-22T12:35:47 IST" duration-ms="6751" status="PASS">
          <params>
            <param index="0">
              <value>
                <![CDATA[https://www.carandbike.com/used/want-cars]]>
              </value>
            </param>
          </params>
          <reporter-output>
          </reporter-output>
        </test-method> <!-- code -->
        <test-method signature="code(java.lang.String)[pri:0, instance:test.CarNbike.ProdTestSuite.LinkTest@5ae50ce6]" started-at="2021-01-22T12:35:47 IST" name="code" data-provider="excelData" finished-at="2021-01-22T12:35:53 IST" duration-ms="6543" status="PASS">
          <params>
            <param index="0">
              <value>
                <![CDATA[https://www.carandbike.com/new-bikes]]>
              </value>
            </param>
          </params>
          <reporter-output>
          </reporter-output>
        </test-method> <!-- code -->
        <test-method signature="code(java.lang.String)[pri:0, instance:test.CarNbike.ProdTestSuite.LinkTest@5ae50ce6]" started-at="2021-01-22T12:35:53 IST" name="code" data-provider="excelData" finished-at="2021-01-22T12:35:58 IST" duration-ms="4836" status="PASS">
          <params>
            <param index="0">
              <value>
                <![CDATA[https://www.carandbike.com/new-bikes/models]]>
              </value>
            </param>
          </params>
          <reporter-output>
          </reporter-output>
        </test-method> <!-- code -->
        <test-method signature="code(java.lang.String)[pri:0, instance:test.CarNbike.ProdTestSuite.LinkTest@5ae50ce6]" started-at="2021-01-22T12:35:58 IST" name="code" data-provider="excelData" finished-at="2021-01-22T12:36:02 IST" duration-ms="3393" status="PASS">
          <params>
            <param index="0">
              <value>
                <![CDATA[https://www.carandbike.com/compare-bikes]]>
              </value>
            </param>
          </params>
          <reporter-output>
          </reporter-output>
        </test-method> <!-- code -->
        <test-method signature="code(java.lang.String)[pri:0, instance:test.CarNbike.ProdTestSuite.LinkTest@5ae50ce6]" started-at="2021-01-22T12:36:02 IST" name="code" data-provider="excelData" finished-at="2021-01-22T12:36:05 IST" duration-ms="3768" status="PASS">
          <params>
            <param index="0">
              <value>
                <![CDATA[https://www.carandbike.com/upcoming-bikes]]>
              </value>
            </param>
          </params>
          <reporter-output>
          </reporter-output>
        </test-method> <!-- code -->
        <test-method signature="code(java.lang.String)[pri:0, instance:test.CarNbike.ProdTestSuite.LinkTest@5ae50ce6]" started-at="2021-01-22T12:36:05 IST" name="code" data-provider="excelData" finished-at="2021-01-22T12:36:08 IST" duration-ms="2931" status="PASS">
          <params>
            <param index="0">
              <value>
                <![CDATA[https://www.carandbike.com/new-bikes/launches]]>
              </value>
            </param>
          </params>
          <reporter-output>
          </reporter-output>
        </test-method> <!-- code -->
        <test-method signature="code(java.lang.String)[pri:0, instance:test.CarNbike.ProdTestSuite.LinkTest@5ae50ce6]" started-at="2021-01-22T12:36:08 IST" name="code" data-provider="excelData" finished-at="2021-01-22T12:36:12 IST" duration-ms="3147" status="PASS">
          <params>
            <param index="0">
              <value>
                <![CDATA[https://www.carandbike.com/research/bike-emi-calculator]]>
              </value>
            </param>
          </params>
          <reporter-output>
          </reporter-output>
        </test-method> <!-- code -->
        <test-method signature="code(java.lang.String)[pri:0, instance:test.CarNbike.ProdTestSuite.LinkTest@5ae50ce6]" started-at="2021-01-22T12:36:12 IST" name="code" data-provider="excelData" finished-at="2021-01-22T12:36:18 IST" duration-ms="6277" status="PASS">
          <params>
            <param index="0">
              <value>
                <![CDATA[https://www.carandbike.com/research/affordable-bikes]]>
              </value>
            </param>
          </params>
          <reporter-output>
          </reporter-output>
        </test-method> <!-- code -->
        <test-method signature="code(java.lang.String)[pri:0, instance:test.CarNbike.ProdTestSuite.LinkTest@5ae50ce6]" started-at="2021-01-22T12:36:18 IST" name="code" data-provider="excelData" finished-at="2021-01-22T12:36:23 IST" duration-ms="5425" status="PASS">
          <params>
            <param index="0">
              <value>
                <![CDATA[https://www.carandbike.com/bike-dealers]]>
              </value>
            </param>
          </params>
          <reporter-output>
          </reporter-output>
        </test-method> <!-- code -->
        <test-method signature="code(java.lang.String)[pri:0, instance:test.CarNbike.ProdTestSuite.LinkTest@5ae50ce6]" started-at="2021-01-22T12:36:23 IST" name="code" data-provider="excelData" finished-at="2021-01-22T12:36:31 IST" duration-ms="7989" status="PASS">
          <params>
            <param index="0">
              <value>
                <![CDATA[https://www.carandbike.com/used/bikes-for-sale]]>
              </value>
            </param>
          </params>
          <reporter-output>
          </reporter-output>
        </test-method> <!-- code -->
        <test-method signature="code(java.lang.String)[pri:0, instance:test.CarNbike.ProdTestSuite.LinkTest@5ae50ce6]" started-at="2021-01-22T12:36:31 IST" name="code" data-provider="excelData" finished-at="2021-01-22T12:36:36 IST" duration-ms="4426" status="PASS">
          <params>
            <param index="0">
              <value>
                <![CDATA[https://www.carandbike.com/used/sell-bikes]]>
              </value>
            </param>
          </params>
          <reporter-output>
          </reporter-output>
        </test-method> <!-- code -->
        <test-method signature="code(java.lang.String)[pri:0, instance:test.CarNbike.ProdTestSuite.LinkTest@5ae50ce6]" started-at="2021-01-22T12:36:36 IST" name="code" data-provider="excelData" finished-at="2021-01-22T12:36:39 IST" duration-ms="3325" status="PASS">
          <params>
            <param index="0">
              <value>
                <![CDATA[https://www.carandbike.com/news/technology]]>
              </value>
            </param>
          </params>
          <reporter-output>
          </reporter-output>
        </test-method> <!-- code -->
        <test-method signature="code(java.lang.String)[pri:0, instance:test.CarNbike.ProdTestSuite.LinkTest@5ae50ce6]" started-at="2021-01-22T12:36:39 IST" name="code" data-provider="excelData" finished-at="2021-01-22T12:36:43 IST" duration-ms="3793" status="PASS">
          <params>
            <param index="0">
              <value>
                <![CDATA[https://www.carandbike.com/news/cars]]>
              </value>
            </param>
          </params>
          <reporter-output>
          </reporter-output>
        </test-method> <!-- code -->
        <test-method signature="code(java.lang.String)[pri:0, instance:test.CarNbike.ProdTestSuite.LinkTest@5ae50ce6]" started-at="2021-01-22T12:36:43 IST" name="code" data-provider="excelData" finished-at="2021-01-22T12:36:50 IST" duration-ms="7671" status="PASS">
          <params>
            <param index="0">
              <value>
                <![CDATA[https://www.carandbike.com/news/electric-cars]]>
              </value>
            </param>
          </params>
          <reporter-output>
          </reporter-output>
        </test-method> <!-- code -->
        <test-method signature="code(java.lang.String)[pri:0, instance:test.CarNbike.ProdTestSuite.LinkTest@5ae50ce6]" started-at="2021-01-22T12:36:51 IST" name="code" data-provider="excelData" finished-at="2021-01-22T12:37:04 IST" duration-ms="13455" status="PASS">
          <params>
            <param index="0">
              <value>
                <![CDATA[https://www.carandbike.com/news/bikes]]>
              </value>
            </param>
          </params>
          <reporter-output>
          </reporter-output>
        </test-method> <!-- code -->
        <test-method signature="code(java.lang.String)[pri:0, instance:test.CarNbike.ProdTestSuite.LinkTest@5ae50ce6]" started-at="2021-01-22T12:37:04 IST" name="code" data-provider="excelData" finished-at="2021-01-22T12:37:10 IST" duration-ms="5907" status="PASS">
          <params>
            <param index="0">
              <value>
                <![CDATA[https://www.carandbike.com/news/comparison]]>
              </value>
            </param>
          </params>
          <reporter-output>
          </reporter-output>
        </test-method> <!-- code -->
        <test-method signature="code(java.lang.String)[pri:0, instance:test.CarNbike.ProdTestSuite.LinkTest@5ae50ce6]" started-at="2021-01-22T12:37:10 IST" name="code" data-provider="excelData" finished-at="2021-01-22T12:37:14 IST" duration-ms="4331" status="PASS">
          <params>
            <param index="0">
              <value>
                <![CDATA[https://www.carandbike.com/news/opinion]]>
              </value>
            </param>
          </params>
          <reporter-output>
          </reporter-output>
        </test-method> <!-- code -->
        <test-method signature="code(java.lang.String)[pri:0, instance:test.CarNbike.ProdTestSuite.LinkTest@5ae50ce6]" started-at="2021-01-22T12:37:14 IST" name="code" data-provider="excelData" finished-at="2021-01-22T12:37:18 IST" duration-ms="3578" status="PASS">
          <params>
            <param index="0">
              <value>
                <![CDATA[https://www.carandbike.com/news/motorsport]]>
              </value>
            </param>
          </params>
          <reporter-output>
          </reporter-output>
        </test-method> <!-- code -->
        <test-method signature="code(java.lang.String)[pri:0, instance:test.CarNbike.ProdTestSuite.LinkTest@5ae50ce6]" started-at="2021-01-22T12:37:18 IST" name="code" data-provider="excelData" finished-at="2021-01-22T12:37:22 IST" duration-ms="3802" status="PASS">
          <params>
            <param index="0">
              <value>
                <![CDATA[https://www.carandbike.com/news/upcoming-cars]]>
              </value>
            </param>
          </params>
          <reporter-output>
          </reporter-output>
        </test-method> <!-- code -->
        <test-method signature="code(java.lang.String)[pri:0, instance:test.CarNbike.ProdTestSuite.LinkTest@5ae50ce6]" started-at="2021-01-22T12:37:22 IST" name="code" data-provider="excelData" finished-at="2021-01-22T12:37:25 IST" duration-ms="3151" status="PASS">
          <params>
            <param index="0">
              <value>
                <![CDATA[https://www.carandbike.com/news/sales-figures]]>
              </value>
            </param>
          </params>
          <reporter-output>
          </reporter-output>
        </test-method> <!-- code -->
        <test-method signature="code(java.lang.String)[pri:0, instance:test.CarNbike.ProdTestSuite.LinkTest@5ae50ce6]" started-at="2021-01-22T12:37:25 IST" name="code" data-provider="excelData" finished-at="2021-01-22T12:37:28 IST" duration-ms="2990" status="PASS">
          <params>
            <param index="0">
              <value>
                <![CDATA[https://www.carandbike.com/news]]>
              </value>
            </param>
          </params>
          <reporter-output>
          </reporter-output>
        </test-method> <!-- code -->
        <test-method signature="code(java.lang.String)[pri:0, instance:test.CarNbike.ProdTestSuite.LinkTest@5ae50ce6]" started-at="2021-01-22T12:37:28 IST" name="code" data-provider="excelData" finished-at="2021-01-22T12:37:31 IST" duration-ms="3046" status="PASS">
          <params>
            <param index="0">
              <value>
                <![CDATA[https://www.carandbike.com/reviews/car-reviews]]>
              </value>
            </param>
          </params>
          <reporter-output>
          </reporter-output>
        </test-method> <!-- code -->
        <test-method signature="code(java.lang.String)[pri:0, instance:test.CarNbike.ProdTestSuite.LinkTest@5ae50ce6]" started-at="2021-01-22T12:37:31 IST" name="code" data-provider="excelData" finished-at="2021-01-22T12:37:34 IST" duration-ms="3124" status="PASS">
          <params>
            <param index="0">
              <value>
                <![CDATA[https://www.carandbike.com/reviews/first-drive]]>
              </value>
            </param>
          </params>
          <reporter-output>
          </reporter-output>
        </test-method> <!-- code -->
        <test-method signature="code(java.lang.String)[pri:0, instance:test.CarNbike.ProdTestSuite.LinkTest@5ae50ce6]" started-at="2021-01-22T12:37:34 IST" name="code" data-provider="excelData" finished-at="2021-01-22T12:37:37 IST" duration-ms="3367" status="PASS">
          <params>
            <param index="0">
              <value>
                <![CDATA[https://www.carandbike.com/reviews/bike-reviews]]>
              </value>
            </param>
          </params>
          <reporter-output>
          </reporter-output>
        </test-method> <!-- code -->
        <test-method signature="code(java.lang.String)[pri:0, instance:test.CarNbike.ProdTestSuite.LinkTest@5ae50ce6]" started-at="2021-01-22T12:37:37 IST" name="code" data-provider="excelData" finished-at="2021-01-22T12:37:41 IST" duration-ms="3874" status="PASS">
          <params>
            <param index="0">
              <value>
                <![CDATA[https://www.carandbike.com/reviews/comparison]]>
              </value>
            </param>
          </params>
          <reporter-output>
          </reporter-output>
        </test-method> <!-- code -->
        <test-method signature="code(java.lang.String)[pri:0, instance:test.CarNbike.ProdTestSuite.LinkTest@5ae50ce6]" started-at="2021-01-22T12:37:41 IST" name="code" data-provider="excelData" finished-at="2021-01-22T12:37:45 IST" duration-ms="4082" status="PASS">
          <params>
            <param index="0">
              <value>
                <![CDATA[https://www.carandbike.com/reviews/road-test]]>
              </value>
            </param>
          </params>
          <reporter-output>
          </reporter-output>
        </test-method> <!-- code -->
        <test-method signature="code(java.lang.String)[pri:0, instance:test.CarNbike.ProdTestSuite.LinkTest@5ae50ce6]" started-at="2021-01-22T12:37:45 IST" name="code" data-provider="excelData" finished-at="2021-01-22T12:37:54 IST" duration-ms="8887" status="PASS">
          <params>
            <param index="0">
              <value>
                <![CDATA[https://www.carandbike.com/news/travel]]>
              </value>
            </param>
          </params>
          <reporter-output>
          </reporter-output>
        </test-method> <!-- code -->
        <test-method signature="code(java.lang.String)[pri:0, instance:test.CarNbike.ProdTestSuite.LinkTest@5ae50ce6]" started-at="2021-01-22T12:37:54 IST" name="code" data-provider="excelData" finished-at="2021-01-22T12:37:59 IST" duration-ms="4482" status="PASS">
          <params>
            <param index="0">
              <value>
                <![CDATA[https://www.carandbike.com/reviews/previews]]>
              </value>
            </param>
          </params>
          <reporter-output>
          </reporter-output>
        </test-method> <!-- code -->
        <test-method signature="code(java.lang.String)[pri:0, instance:test.CarNbike.ProdTestSuite.LinkTest@5ae50ce6]" started-at="2021-01-22T12:37:59 IST" name="code" data-provider="excelData" finished-at="2021-01-22T12:38:02 IST" duration-ms="3833" status="PASS">
          <params>
            <param index="0">
              <value>
                <![CDATA[https://www.carandbike.com/reviews/product-accessories]]>
              </value>
            </param>
          </params>
          <reporter-output>
          </reporter-output>
        </test-method> <!-- code -->
        <test-method signature="code(java.lang.String)[pri:0, instance:test.CarNbike.ProdTestSuite.LinkTest@5ae50ce6]" started-at="2021-01-22T12:38:02 IST" name="code" data-provider="excelData" finished-at="2021-01-22T12:38:06 IST" duration-ms="3241" status="PASS">
          <params>
            <param index="0">
              <value>
                <![CDATA[https://www.carandbike.com/reviews]]>
              </value>
            </param>
          </params>
          <reporter-output>
          </reporter-output>
        </test-method> <!-- code -->
        <test-method signature="code(java.lang.String)[pri:0, instance:test.CarNbike.ProdTestSuite.LinkTest@5ae50ce6]" started-at="2021-01-22T12:38:06 IST" name="code" data-provider="excelData" finished-at="2021-01-22T12:38:11 IST" duration-ms="5015" status="PASS">
          <params>
            <param index="0">
              <value>
                <![CDATA[https://www.carandbike.com/videos]]>
              </value>
            </param>
          </params>
          <reporter-output>
          </reporter-output>
        </test-method> <!-- code -->
        <test-method signature="code(java.lang.String)[pri:0, instance:test.CarNbike.ProdTestSuite.LinkTest@5ae50ce6]" started-at="2021-01-22T12:38:11 IST" name="code" data-provider="excelData" finished-at="2021-01-22T12:38:20 IST" duration-ms="9608" status="PASS">
          <params>
            <param index="0">
              <value>
                <![CDATA[https://www.carandbike.com/photos]]>
              </value>
            </param>
          </params>
          <reporter-output>
          </reporter-output>
        </test-method> <!-- code -->
        <test-method signature="code(java.lang.String)[pri:0, instance:test.CarNbike.ProdTestSuite.LinkTest@5ae50ce6]" started-at="2021-01-22T12:38:20 IST" name="code" data-provider="excelData" finished-at="2021-01-22T12:38:26 IST" duration-ms="5249" status="PASS">
          <params>
            <param index="0">
              <value>
                <![CDATA[http://discuss.carandbike.com]]>
              </value>
            </param>
          </params>
          <reporter-output>
          </reporter-output>
        </test-method> <!-- code -->
        <test-method signature="code(java.lang.String)[pri:0, instance:test.CarNbike.ProdTestSuite.LinkTest@5ae50ce6]" started-at="2021-01-22T12:38:26 IST" name="code" data-provider="excelData" finished-at="2021-01-22T12:38:31 IST" duration-ms="5736" status="PASS">
          <params>
            <param index="0">
              <value>
                <![CDATA[https://www.carandbike.com/auto-expo]]>
              </value>
            </param>
          </params>
          <reporter-output>
          </reporter-output>
        </test-method> <!-- code -->
        <test-method signature="code(java.lang.String)[pri:0, instance:test.CarNbike.ProdTestSuite.LinkTest@5ae50ce6]" started-at="2021-01-22T12:38:31 IST" name="code" data-provider="excelData" finished-at="2021-01-22T12:38:36 IST" duration-ms="4960" status="PASS">
          <params>
            <param index="0">
              <value>
                <![CDATA[https://www.carandbike.com/carandbike-awards]]>
              </value>
            </param>
          </params>
          <reporter-output>
          </reporter-output>
        </test-method> <!-- code -->
        <test-method signature="code(java.lang.String)[pri:0, instance:test.CarNbike.ProdTestSuite.LinkTest@5ae50ce6]" started-at="2021-01-22T12:38:36 IST" name="code" data-provider="excelData" finished-at="2021-01-22T12:38:41 IST" duration-ms="4746" status="PASS">
          <params>
            <param index="0">
              <value>
                <![CDATA[https://www.carandbike.com/used/cars-in-new-delhi]]>
              </value>
            </param>
          </params>
          <reporter-output>
          </reporter-output>
        </test-method> <!-- code -->
        <test-method signature="code(java.lang.String)[pri:0, instance:test.CarNbike.ProdTestSuite.LinkTest@5ae50ce6]" started-at="2021-01-22T12:38:41 IST" name="code" data-provider="excelData" finished-at="2021-01-22T12:38:45 IST" duration-ms="3802" status="PASS">
          <params>
            <param index="0">
              <value>
                <![CDATA[https://www.carandbike.com/used/cars-in-mumbai]]>
              </value>
            </param>
          </params>
          <reporter-output>
          </reporter-output>
        </test-method> <!-- code -->
        <test-method signature="code(java.lang.String)[pri:0, instance:test.CarNbike.ProdTestSuite.LinkTest@5ae50ce6]" started-at="2021-01-22T12:38:45 IST" name="code" data-provider="excelData" finished-at="2021-01-22T12:38:49 IST" duration-ms="3855" status="PASS">
          <params>
            <param index="0">
              <value>
                <![CDATA[https://www.carandbike.com/used/cars-in-bangalore]]>
              </value>
            </param>
          </params>
          <reporter-output>
          </reporter-output>
        </test-method> <!-- code -->
        <test-method signature="code(java.lang.String)[pri:0, instance:test.CarNbike.ProdTestSuite.LinkTest@5ae50ce6]" started-at="2021-01-22T12:38:49 IST" name="code" data-provider="excelData" finished-at="2021-01-22T12:38:54 IST" duration-ms="5239" status="PASS">
          <params>
            <param index="0">
              <value>
                <![CDATA[https://www.carandbike.com/used/cars-in-hyderabad]]>
              </value>
            </param>
          </params>
          <reporter-output>
          </reporter-output>
        </test-method> <!-- code -->
        <test-method signature="code(java.lang.String)[pri:0, instance:test.CarNbike.ProdTestSuite.LinkTest@5ae50ce6]" started-at="2021-01-22T12:38:54 IST" name="code" data-provider="excelData" finished-at="2021-01-22T12:38:59 IST" duration-ms="4621" status="PASS">
          <params>
            <param index="0">
              <value>
                <![CDATA[https://www.carandbike.com/used/cars-in-chennai]]>
              </value>
            </param>
          </params>
          <reporter-output>
          </reporter-output>
        </test-method> <!-- code -->
        <test-method signature="code(java.lang.String)[pri:0, instance:test.CarNbike.ProdTestSuite.LinkTest@5ae50ce6]" started-at="2021-01-22T12:38:59 IST" name="code" data-provider="excelData" finished-at="2021-01-22T12:39:05 IST" duration-ms="6158" status="PASS">
          <params>
            <param index="0">
              <value>
                <![CDATA[https://www.carandbike.com/used/cars-in-kolkata]]>
              </value>
            </param>
          </params>
          <reporter-output>
          </reporter-output>
        </test-method> <!-- code -->
        <test-method signature="code(java.lang.String)[pri:0, instance:test.CarNbike.ProdTestSuite.LinkTest@5ae50ce6]" started-at="2021-01-22T12:39:05 IST" name="code" data-provider="excelData" finished-at="2021-01-22T12:39:10 IST" duration-ms="4896" status="PASS">
          <params>
            <param index="0">
              <value>
                <![CDATA[https://www.carandbike.com/used/cars-in-ahmedabad]]>
              </value>
            </param>
          </params>
          <reporter-output>
          </reporter-output>
        </test-method> <!-- code -->
        <test-method signature="code(java.lang.String)[pri:0, instance:test.CarNbike.ProdTestSuite.LinkTest@5ae50ce6]" started-at="2021-01-22T12:39:10 IST" name="code" data-provider="excelData" finished-at="2021-01-22T12:39:16 IST" duration-ms="6683" status="PASS">
          <params>
            <param index="0">
              <value>
                <![CDATA[https://www.carandbike.com/used/cars-in-lucknow]]>
              </value>
            </param>
          </params>
          <reporter-output>
          </reporter-output>
        </test-method> <!-- code -->
        <test-method signature="code(java.lang.String)[pri:0, instance:test.CarNbike.ProdTestSuite.LinkTest@5ae50ce6]" started-at="2021-01-22T12:39:16 IST" name="code" data-provider="excelData" finished-at="2021-01-22T12:39:20 IST" duration-ms="3790" status="PASS">
          <params>
            <param index="0">
              <value>
                <![CDATA[https://www.carandbike.com/used/cars-under-1-lakh]]>
              </value>
            </param>
          </params>
          <reporter-output>
          </reporter-output>
        </test-method> <!-- code -->
        <test-method signature="code(java.lang.String)[pri:0, instance:test.CarNbike.ProdTestSuite.LinkTest@5ae50ce6]" started-at="2021-01-22T12:39:20 IST" name="code" data-provider="excelData" finished-at="2021-01-22T12:39:24 IST" duration-ms="3690" status="PASS">
          <params>
            <param index="0">
              <value>
                <![CDATA[https://www.carandbike.com/used/cars-under-2-lakh]]>
              </value>
            </param>
          </params>
          <reporter-output>
          </reporter-output>
        </test-method> <!-- code -->
        <test-method signature="code(java.lang.String)[pri:0, instance:test.CarNbike.ProdTestSuite.LinkTest@5ae50ce6]" started-at="2021-01-22T12:39:24 IST" name="code" data-provider="excelData" finished-at="2021-01-22T12:39:28 IST" duration-ms="4481" status="PASS">
          <params>
            <param index="0">
              <value>
                <![CDATA[https://www.carandbike.com/used/cars-2-to-5-lakh]]>
              </value>
            </param>
          </params>
          <reporter-output>
          </reporter-output>
        </test-method> <!-- code -->
        <test-method signature="code(java.lang.String)[pri:0, instance:test.CarNbike.ProdTestSuite.LinkTest@5ae50ce6]" started-at="2021-01-22T12:39:28 IST" name="code" data-provider="excelData" finished-at="2021-01-22T12:39:32 IST" duration-ms="3379" status="PASS">
          <params>
            <param index="0">
              <value>
                <![CDATA[https://www.carandbike.com/used/cars-5-to-8-lakh]]>
              </value>
            </param>
          </params>
          <reporter-output>
          </reporter-output>
        </test-method> <!-- code -->
        <test-method signature="code(java.lang.String)[pri:0, instance:test.CarNbike.ProdTestSuite.LinkTest@5ae50ce6]" started-at="2021-01-22T12:39:32 IST" name="code" data-provider="excelData" finished-at="2021-01-22T12:39:37 IST" duration-ms="5348" status="PASS">
          <params>
            <param index="0">
              <value>
                <![CDATA[https://www.carandbike.com/used/cars-8-to-10-lakh]]>
              </value>
            </param>
          </params>
          <reporter-output>
          </reporter-output>
        </test-method> <!-- code -->
        <test-method signature="code(java.lang.String)[pri:0, instance:test.CarNbike.ProdTestSuite.LinkTest@5ae50ce6]" started-at="2021-01-22T12:39:37 IST" name="code" data-provider="excelData" finished-at="2021-01-22T12:39:47 IST" duration-ms="10267" status="PASS">
          <params>
            <param index="0">
              <value>
                <![CDATA[https://www.carandbike.com/used/hatchback-cars]]>
              </value>
            </param>
          </params>
          <reporter-output>
          </reporter-output>
        </test-method> <!-- code -->
        <test-method signature="code(java.lang.String)[pri:0, instance:test.CarNbike.ProdTestSuite.LinkTest@5ae50ce6]" started-at="2021-01-22T12:39:47 IST" name="code" data-provider="excelData" finished-at="2021-01-22T12:39:55 IST" duration-ms="7927" status="PASS">
          <params>
            <param index="0">
              <value>
                <![CDATA[https://www.carandbike.com/used/sedan-cars]]>
              </value>
            </param>
          </params>
          <reporter-output>
          </reporter-output>
        </test-method> <!-- code -->
        <test-method signature="code(java.lang.String)[pri:0, instance:test.CarNbike.ProdTestSuite.LinkTest@5ae50ce6]" started-at="2021-01-22T12:39:55 IST" name="code" data-provider="excelData" finished-at="2021-01-22T12:40:06 IST" duration-ms="11156" status="PASS">
          <params>
            <param index="0">
              <value>
                <![CDATA[https://www.carandbike.com/used/suv-cars]]>
              </value>
            </param>
          </params>
          <reporter-output>
          </reporter-output>
        </test-method> <!-- code -->
        <test-method signature="code(java.lang.String)[pri:0, instance:test.CarNbike.ProdTestSuite.LinkTest@5ae50ce6]" started-at="2021-01-22T12:40:06 IST" name="code" data-provider="excelData" finished-at="2021-01-22T12:40:15 IST" duration-ms="8412" status="PASS">
          <params>
            <param index="0">
              <value>
                <![CDATA[https://www.carandbike.com/used/petrol-cars]]>
              </value>
            </param>
          </params>
          <reporter-output>
          </reporter-output>
        </test-method> <!-- code -->
        <test-method signature="code(java.lang.String)[pri:0, instance:test.CarNbike.ProdTestSuite.LinkTest@5ae50ce6]" started-at="2021-01-22T12:40:15 IST" name="code" data-provider="excelData" finished-at="2021-01-22T12:40:25 IST" duration-ms="10133" status="PASS">
          <params>
            <param index="0">
              <value>
                <![CDATA[https://www.carandbike.com/used/diesel-cars]]>
              </value>
            </param>
          </params>
          <reporter-output>
          </reporter-output>
        </test-method> <!-- code -->
        <test-method signature="code(java.lang.String)[pri:0, instance:test.CarNbike.ProdTestSuite.LinkTest@5ae50ce6]" started-at="2021-01-22T12:40:25 IST" name="code" data-provider="excelData" finished-at="2021-01-22T12:40:30 IST" duration-ms="5168" status="PASS">
          <params>
            <param index="0">
              <value>
                <![CDATA[https://www.carandbike.com/used/premium-cars]]>
              </value>
            </param>
          </params>
          <reporter-output>
          </reporter-output>
        </test-method> <!-- code -->
        <test-method signature="code(java.lang.String)[pri:0, instance:test.CarNbike.ProdTestSuite.LinkTest@5ae50ce6]" started-at="2021-01-22T12:40:30 IST" name="code" data-provider="excelData" finished-at="2021-01-22T12:40:34 IST" duration-ms="4421" status="PASS">
          <params>
            <param index="0">
              <value>
                <![CDATA[https://www.carandbike.com/new-cars/hatchback-cars]]>
              </value>
            </param>
          </params>
          <reporter-output>
          </reporter-output>
        </test-method> <!-- code -->
        <test-method signature="code(java.lang.String)[pri:0, instance:test.CarNbike.ProdTestSuite.LinkTest@5ae50ce6]" started-at="2021-01-22T12:40:34 IST" name="code" data-provider="excelData" finished-at="2021-01-22T12:40:38 IST" duration-ms="4060" status="PASS">
          <params>
            <param index="0">
              <value>
                <![CDATA[https://www.carandbike.com/new-cars/sedan-cars]]>
              </value>
            </param>
          </params>
          <reporter-output>
          </reporter-output>
        </test-method> <!-- code -->
        <test-method signature="code(java.lang.String)[pri:0, instance:test.CarNbike.ProdTestSuite.LinkTest@5ae50ce6]" started-at="2021-01-22T12:40:38 IST" name="code" data-provider="excelData" finished-at="2021-01-22T12:40:43 IST" duration-ms="4155" status="PASS">
          <params>
            <param index="0">
              <value>
                <![CDATA[https://www.carandbike.com/new-cars/suv-cars]]>
              </value>
            </param>
          </params>
          <reporter-output>
          </reporter-output>
        </test-method> <!-- code -->
        <test-method signature="code(java.lang.String)[pri:0, instance:test.CarNbike.ProdTestSuite.LinkTest@5ae50ce6]" started-at="2021-01-22T12:40:43 IST" name="code" data-provider="excelData" finished-at="2021-01-22T12:40:46 IST" duration-ms="3832" status="PASS">
          <params>
            <param index="0">
              <value>
                <![CDATA[https://www.carandbike.com/new-cars/muv-cars]]>
              </value>
            </param>
          </params>
          <reporter-output>
          </reporter-output>
        </test-method> <!-- code -->
        <test-method signature="code(java.lang.String)[pri:0, instance:test.CarNbike.ProdTestSuite.LinkTest@5ae50ce6]" started-at="2021-01-22T12:40:46 IST" name="code" data-provider="excelData" finished-at="2021-01-22T12:40:50 IST" duration-ms="3904" status="PASS">
          <params>
            <param index="0">
              <value>
                <![CDATA[https://www.carandbike.com/new-cars/petrol-cars]]>
              </value>
            </param>
          </params>
          <reporter-output>
          </reporter-output>
        </test-method> <!-- code -->
        <test-method signature="code(java.lang.String)[pri:0, instance:test.CarNbike.ProdTestSuite.LinkTest@5ae50ce6]" started-at="2021-01-22T12:40:50 IST" name="code" data-provider="excelData" finished-at="2021-01-22T12:40:56 IST" duration-ms="5953" status="PASS">
          <params>
            <param index="0">
              <value>
                <![CDATA[https://www.carandbike.com/new-cars/diesel-cars]]>
              </value>
            </param>
          </params>
          <reporter-output>
          </reporter-output>
        </test-method> <!-- code -->
        <test-method signature="code(java.lang.String)[pri:0, instance:test.CarNbike.ProdTestSuite.LinkTest@5ae50ce6]" started-at="2021-01-22T12:40:56 IST" name="code" data-provider="excelData" finished-at="2021-01-22T12:41:00 IST" duration-ms="3902" status="PASS">
          <params>
            <param index="0">
              <value>
                <![CDATA[https://www.carandbike.com/new-cars/electric-cars]]>
              </value>
            </param>
          </params>
          <reporter-output>
          </reporter-output>
        </test-method> <!-- code -->
        <test-method signature="code(java.lang.String)[pri:0, instance:test.CarNbike.ProdTestSuite.LinkTest@5ae50ce6]" started-at="2021-01-22T12:41:00 IST" name="code" data-provider="excelData" finished-at="2021-01-22T12:41:04 IST" duration-ms="4188" status="PASS">
          <params>
            <param index="0">
              <value>
                <![CDATA[https://www.carandbike.com/new-cars/hybrid-cars]]>
              </value>
            </param>
          </params>
          <reporter-output>
          </reporter-output>
        </test-method> <!-- code -->
        <test-method signature="code(java.lang.String)[pri:0, instance:test.CarNbike.ProdTestSuite.LinkTest@5ae50ce6]" started-at="2021-01-22T12:41:04 IST" name="code" data-provider="excelData" finished-at="2021-01-22T12:41:08 IST" duration-ms="3160" status="PASS">
          <params>
            <param index="0">
              <value>
                <![CDATA[https://www.carandbike.com/mahindra-cars/thar]]>
              </value>
            </param>
          </params>
          <reporter-output>
          </reporter-output>
        </test-method> <!-- code -->
        <test-method signature="code(java.lang.String)[pri:0, instance:test.CarNbike.ProdTestSuite.LinkTest@5ae50ce6]" started-at="2021-01-22T12:41:08 IST" name="code" data-provider="excelData" finished-at="2021-01-22T12:41:11 IST" duration-ms="3049" status="PASS">
          <params>
            <param index="0">
              <value>
                <![CDATA[https://www.carandbike.com/kia-cars/sonet]]>
              </value>
            </param>
          </params>
          <reporter-output>
          </reporter-output>
        </test-method> <!-- code -->
        <test-method signature="code(java.lang.String)[pri:0, instance:test.CarNbike.ProdTestSuite.LinkTest@5ae50ce6]" started-at="2021-01-22T12:41:11 IST" name="code" data-provider="excelData" finished-at="2021-01-22T12:41:14 IST" duration-ms="3435" status="PASS">
          <params>
            <param index="0">
              <value>
                <![CDATA[https://www.carandbike.com/tata-cars/altroz]]>
              </value>
            </param>
          </params>
          <reporter-output>
          </reporter-output>
        </test-method> <!-- code -->
        <test-method signature="code(java.lang.String)[pri:0, instance:test.CarNbike.ProdTestSuite.LinkTest@5ae50ce6]" started-at="2021-01-22T12:41:14 IST" name="code" data-provider="excelData" finished-at="2021-01-22T12:41:18 IST" duration-ms="3480" status="PASS">
          <params>
            <param index="0">
              <value>
                <![CDATA[https://www.carandbike.com/kia-cars/seltos]]>
              </value>
            </param>
          </params>
          <reporter-output>
          </reporter-output>
        </test-method> <!-- code -->
        <test-method signature="code(java.lang.String)[pri:0, instance:test.CarNbike.ProdTestSuite.LinkTest@5ae50ce6]" started-at="2021-01-22T12:41:18 IST" name="code" data-provider="excelData" finished-at="2021-01-22T12:41:21 IST" duration-ms="3471" status="PASS">
          <params>
            <param index="0">
              <value>
                <![CDATA[https://www.carandbike.com/renault-cars/triber]]>
              </value>
            </param>
          </params>
          <reporter-output>
          </reporter-output>
        </test-method> <!-- code -->
        <test-method signature="code(java.lang.String)[pri:0, instance:test.CarNbike.ProdTestSuite.LinkTest@5ae50ce6]" started-at="2021-01-22T12:41:21 IST" name="code" data-provider="excelData" finished-at="2021-01-22T12:41:24 IST" duration-ms="3335" status="PASS">
          <params>
            <param index="0">
              <value>
                <![CDATA[https://www.carandbike.com/jeep-cars/compass]]>
              </value>
            </param>
          </params>
          <reporter-output>
          </reporter-output>
        </test-method> <!-- code -->
        <test-method signature="code(java.lang.String)[pri:0, instance:test.CarNbike.ProdTestSuite.LinkTest@5ae50ce6]" started-at="2021-01-22T12:41:24 IST" name="code" data-provider="excelData" finished-at="2021-01-22T12:41:28 IST" duration-ms="3255" status="PASS">
          <params>
            <param index="0">
              <value>
                <![CDATA[https://www.carandbike.com/honda-cars/city]]>
              </value>
            </param>
          </params>
          <reporter-output>
          </reporter-output>
        </test-method> <!-- code -->
        <test-method signature="code(java.lang.String)[pri:0, instance:test.CarNbike.ProdTestSuite.LinkTest@5ae50ce6]" started-at="2021-01-22T12:41:28 IST" name="code" data-provider="excelData" finished-at="2021-01-22T12:41:31 IST" duration-ms="3360" status="PASS">
          <params>
            <param index="0">
              <value>
                <![CDATA[https://www.carandbike.com/maruti-suzuki-cars/alto-800]]>
              </value>
            </param>
          </params>
          <reporter-output>
          </reporter-output>
        </test-method> <!-- code -->
        <test-method signature="code(java.lang.String)[pri:0, instance:test.CarNbike.ProdTestSuite.LinkTest@5ae50ce6]" started-at="2021-01-22T12:41:31 IST" name="code" data-provider="excelData" finished-at="2021-01-22T12:41:34 IST" duration-ms="3162" status="PASS">
          <params>
            <param index="0">
              <value>
                <![CDATA[https://www.carandbike.com/tata-cars/nexon]]>
              </value>
            </param>
          </params>
          <reporter-output>
          </reporter-output>
        </test-method> <!-- code -->
        <test-method signature="code(java.lang.String)[pri:0, instance:test.CarNbike.ProdTestSuite.LinkTest@5ae50ce6]" started-at="2021-01-22T12:41:34 IST" name="code" data-provider="excelData" finished-at="2021-01-22T12:41:38 IST" duration-ms="3633" status="PASS">
          <params>
            <param index="0">
              <value>
                <![CDATA[https://www.carandbike.com/maruti-suzuki-cars/s-presso]]>
              </value>
            </param>
          </params>
          <reporter-output>
          </reporter-output>
        </test-method> <!-- code -->
        <test-method signature="code(java.lang.String)[pri:0, instance:test.CarNbike.ProdTestSuite.LinkTest@5ae50ce6]" started-at="2021-01-22T12:41:38 IST" name="code" data-provider="excelData" finished-at="2021-01-22T12:41:41 IST" duration-ms="3287" status="PASS">
          <params>
            <param index="0">
              <value>
                <![CDATA[https://www.carandbike.com/renault-cars/kwid]]>
              </value>
            </param>
          </params>
          <reporter-output>
          </reporter-output>
        </test-method> <!-- code -->
        <test-method signature="code(java.lang.String)[pri:0, instance:test.CarNbike.ProdTestSuite.LinkTest@5ae50ce6]" started-at="2021-01-22T12:41:41 IST" name="code" data-provider="excelData" finished-at="2021-01-22T12:41:45 IST" duration-ms="3570" status="PASS">
          <params>
            <param index="0">
              <value>
                <![CDATA[https://www.carandbike.com/mahindra-cars/xuv500]]>
              </value>
            </param>
          </params>
          <reporter-output>
          </reporter-output>
        </test-method> <!-- code -->
        <test-method signature="code(java.lang.String)[pri:0, instance:test.CarNbike.ProdTestSuite.LinkTest@5ae50ce6]" started-at="2021-01-22T12:41:45 IST" name="code" data-provider="excelData" finished-at="2021-01-22T12:41:48 IST" duration-ms="3618" status="PASS">
          <params>
            <param index="0">
              <value>
                <![CDATA[https://www.carandbike.com/hyundai-cars/creta]]>
              </value>
            </param>
          </params>
          <reporter-output>
          </reporter-output>
        </test-method> <!-- code -->
        <test-method signature="code(java.lang.String)[pri:0, instance:test.CarNbike.ProdTestSuite.LinkTest@5ae50ce6]" started-at="2021-01-22T12:41:48 IST" name="code" data-provider="excelData" finished-at="2021-01-22T12:41:52 IST" duration-ms="3431" status="PASS">
          <params>
            <param index="0">
              <value>
                <![CDATA[https://www.carandbike.com/tata-cars/harrier]]>
              </value>
            </param>
          </params>
          <reporter-output>
          </reporter-output>
        </test-method> <!-- code -->
        <test-method signature="code(java.lang.String)[pri:0, instance:test.CarNbike.ProdTestSuite.LinkTest@5ae50ce6]" started-at="2021-01-22T12:41:52 IST" name="code" data-provider="excelData" finished-at="2021-01-22T12:41:55 IST" duration-ms="3405" status="PASS">
          <params>
            <param index="0">
              <value>
                <![CDATA[https://www.carandbike.com/honda-cars/amaze]]>
              </value>
            </param>
          </params>
          <reporter-output>
          </reporter-output>
        </test-method> <!-- code -->
        <test-method signature="code(java.lang.String)[pri:0, instance:test.CarNbike.ProdTestSuite.LinkTest@5ae50ce6]" started-at="2021-01-22T12:41:55 IST" name="code" data-provider="excelData" finished-at="2021-01-22T12:41:59 IST" duration-ms="3524" status="PASS">
          <params>
            <param index="0">
              <value>
                <![CDATA[https://www.carandbike.com/hyundai-cars/venue]]>
              </value>
            </param>
          </params>
          <reporter-output>
          </reporter-output>
        </test-method> <!-- code -->
        <test-method signature="code(java.lang.String)[pri:0, instance:test.CarNbike.ProdTestSuite.LinkTest@5ae50ce6]" started-at="2021-01-22T12:41:59 IST" name="code" data-provider="excelData" finished-at="2021-01-22T12:42:02 IST" duration-ms="3558" status="PASS">
          <params>
            <param index="0">
              <value>
                <![CDATA[https://www.carandbike.com/hyundai-cars/elite-i20]]>
              </value>
            </param>
          </params>
          <reporter-output>
          </reporter-output>
        </test-method> <!-- code -->
        <test-method signature="code(java.lang.String)[pri:0, instance:test.CarNbike.ProdTestSuite.LinkTest@5ae50ce6]" started-at="2021-01-22T12:42:02 IST" name="code" data-provider="excelData" finished-at="2021-01-22T12:42:06 IST" duration-ms="4206" status="PASS">
          <params>
            <param index="0">
              <value>
                <![CDATA[https://www.carandbike.com/mahindra-cars/xuv300]]>
              </value>
            </param>
          </params>
          <reporter-output>
          </reporter-output>
        </test-method> <!-- code -->
        <test-method signature="code(java.lang.String)[pri:0, instance:test.CarNbike.ProdTestSuite.LinkTest@5ae50ce6]" started-at="2021-01-22T12:42:06 IST" name="code" data-provider="excelData" finished-at="2021-01-22T12:42:10 IST" duration-ms="3954" status="PASS">
          <params>
            <param index="0">
              <value>
                <![CDATA[https://www.carandbike.com/maruti-suzuki-cars/baleno]]>
              </value>
            </param>
          </params>
          <reporter-output>
          </reporter-output>
        </test-method> <!-- code -->
        <test-method signature="code(java.lang.String)[pri:0, instance:test.CarNbike.ProdTestSuite.LinkTest@5ae50ce6]" started-at="2021-01-22T12:42:10 IST" name="code" data-provider="excelData" finished-at="2021-01-22T12:42:15 IST" duration-ms="5009" status="PASS">
          <params>
            <param index="0">
              <value>
                <![CDATA[https://www.carandbike.com/maruti-suzuki-cars/dzire]]>
              </value>
            </param>
          </params>
          <reporter-output>
          </reporter-output>
        </test-method> <!-- code -->
        <test-method signature="code(java.lang.String)[pri:0, instance:test.CarNbike.ProdTestSuite.LinkTest@5ae50ce6]" started-at="2021-01-22T12:42:15 IST" name="code" data-provider="excelData" finished-at="2021-01-22T12:42:19 IST" duration-ms="3755" status="PASS">
          <params>
            <param index="0">
              <value>
                <![CDATA[https://www.carandbike.com/audi-cars]]>
              </value>
            </param>
          </params>
          <reporter-output>
          </reporter-output>
        </test-method> <!-- code -->
        <test-method signature="code(java.lang.String)[pri:0, instance:test.CarNbike.ProdTestSuite.LinkTest@5ae50ce6]" started-at="2021-01-22T12:42:19 IST" name="code" data-provider="excelData" finished-at="2021-01-22T12:42:23 IST" duration-ms="3729" status="PASS">
          <params>
            <param index="0">
              <value>
                <![CDATA[https://www.carandbike.com/bmw-cars]]>
              </value>
            </param>
          </params>
          <reporter-output>
          </reporter-output>
        </test-method> <!-- code -->
        <test-method signature="code(java.lang.String)[pri:0, instance:test.CarNbike.ProdTestSuite.LinkTest@5ae50ce6]" started-at="2021-01-22T12:42:23 IST" name="code" data-provider="excelData" finished-at="2021-01-22T12:42:26 IST" duration-ms="2959" status="PASS">
          <params>
            <param index="0">
              <value>
                <![CDATA[https://www.carandbike.com/honda-cars]]>
              </value>
            </param>
          </params>
          <reporter-output>
          </reporter-output>
        </test-method> <!-- code -->
        <test-method signature="code(java.lang.String)[pri:0, instance:test.CarNbike.ProdTestSuite.LinkTest@5ae50ce6]" started-at="2021-01-22T12:42:26 IST" name="code" data-provider="excelData" finished-at="2021-01-22T12:42:29 IST" duration-ms="3685" status="PASS">
          <params>
            <param index="0">
              <value>
                <![CDATA[https://www.carandbike.com/hyundai-cars]]>
              </value>
            </param>
          </params>
          <reporter-output>
          </reporter-output>
        </test-method> <!-- code -->
        <test-method signature="code(java.lang.String)[pri:0, instance:test.CarNbike.ProdTestSuite.LinkTest@5ae50ce6]" started-at="2021-01-22T12:42:29 IST" name="code" data-provider="excelData" finished-at="2021-01-22T12:42:33 IST" duration-ms="3145" status="PASS">
          <params>
            <param index="0">
              <value>
                <![CDATA[https://www.carandbike.com/kia-cars]]>
              </value>
            </param>
          </params>
          <reporter-output>
          </reporter-output>
        </test-method> <!-- code -->
        <test-method signature="code(java.lang.String)[pri:0, instance:test.CarNbike.ProdTestSuite.LinkTest@5ae50ce6]" started-at="2021-01-22T12:42:33 IST" name="code" data-provider="excelData" finished-at="2021-01-22T12:42:36 IST" duration-ms="3154" status="PASS">
          <params>
            <param index="0">
              <value>
                <![CDATA[https://www.carandbike.com/land-rover-cars]]>
              </value>
            </param>
          </params>
          <reporter-output>
          </reporter-output>
        </test-method> <!-- code -->
        <test-method signature="code(java.lang.String)[pri:0, instance:test.CarNbike.ProdTestSuite.LinkTest@5ae50ce6]" started-at="2021-01-22T12:42:36 IST" name="code" data-provider="excelData" finished-at="2021-01-22T12:42:40 IST" duration-ms="3860" status="PASS">
          <params>
            <param index="0">
              <value>
                <![CDATA[https://www.carandbike.com/mahindra-cars]]>
              </value>
            </param>
          </params>
          <reporter-output>
          </reporter-output>
        </test-method> <!-- code -->
        <test-method signature="code(java.lang.String)[pri:0, instance:test.CarNbike.ProdTestSuite.LinkTest@5ae50ce6]" started-at="2021-01-22T12:42:40 IST" name="code" data-provider="excelData" finished-at="2021-01-22T12:42:43 IST" duration-ms="3590" status="PASS">
          <params>
            <param index="0">
              <value>
                <![CDATA[https://www.carandbike.com/maruti-suzuki-cars]]>
              </value>
            </param>
          </params>
          <reporter-output>
          </reporter-output>
        </test-method> <!-- code -->
        <test-method signature="code(java.lang.String)[pri:0, instance:test.CarNbike.ProdTestSuite.LinkTest@5ae50ce6]" started-at="2021-01-22T12:42:43 IST" name="code" data-provider="excelData" finished-at="2021-01-22T12:42:46 IST" duration-ms="3209" status="PASS">
          <params>
            <param index="0">
              <value>
                <![CDATA[https://www.carandbike.com/mg-cars]]>
              </value>
            </param>
          </params>
          <reporter-output>
          </reporter-output>
        </test-method> <!-- code -->
        <test-method signature="code(java.lang.String)[pri:0, instance:test.CarNbike.ProdTestSuite.LinkTest@5ae50ce6]" started-at="2021-01-22T12:42:46 IST" name="code" data-provider="excelData" finished-at="2021-01-22T12:42:50 IST" duration-ms="3382" status="PASS">
          <params>
            <param index="0">
              <value>
                <![CDATA[https://www.carandbike.com/renault-cars]]>
              </value>
            </param>
          </params>
          <reporter-output>
          </reporter-output>
        </test-method> <!-- code -->
        <test-method signature="code(java.lang.String)[pri:0, instance:test.CarNbike.ProdTestSuite.LinkTest@5ae50ce6]" started-at="2021-01-22T12:42:50 IST" name="code" data-provider="excelData" finished-at="2021-01-22T12:42:54 IST" duration-ms="3691" status="PASS">
          <params>
            <param index="0">
              <value>
                <![CDATA[https://www.carandbike.com/used/bikes-in-new-delhi]]>
              </value>
            </param>
          </params>
          <reporter-output>
          </reporter-output>
        </test-method> <!-- code -->
        <test-method signature="code(java.lang.String)[pri:0, instance:test.CarNbike.ProdTestSuite.LinkTest@5ae50ce6]" started-at="2021-01-22T12:42:54 IST" name="code" data-provider="excelData" finished-at="2021-01-22T12:42:57 IST" duration-ms="3814" status="PASS">
          <params>
            <param index="0">
              <value>
                <![CDATA[https://www.carandbike.com/used/bikes-in-mumbai]]>
              </value>
            </param>
          </params>
          <reporter-output>
          </reporter-output>
        </test-method> <!-- code -->
        <test-method signature="code(java.lang.String)[pri:0, instance:test.CarNbike.ProdTestSuite.LinkTest@5ae50ce6]" started-at="2021-01-22T12:42:57 IST" name="code" data-provider="excelData" finished-at="2021-01-22T12:43:01 IST" duration-ms="3510" status="PASS">
          <params>
            <param index="0">
              <value>
                <![CDATA[https://www.carandbike.com/used/bikes-in-bangalore]]>
              </value>
            </param>
          </params>
          <reporter-output>
          </reporter-output>
        </test-method> <!-- code -->
        <test-method signature="code(java.lang.String)[pri:0, instance:test.CarNbike.ProdTestSuite.LinkTest@5ae50ce6]" started-at="2021-01-22T12:43:01 IST" name="code" data-provider="excelData" finished-at="2021-01-22T12:43:04 IST" duration-ms="3178" status="PASS">
          <params>
            <param index="0">
              <value>
                <![CDATA[https://www.carandbike.com/used/bikes-in-hyderabad]]>
              </value>
            </param>
          </params>
          <reporter-output>
          </reporter-output>
        </test-method> <!-- code -->
        <test-method signature="code(java.lang.String)[pri:0, instance:test.CarNbike.ProdTestSuite.LinkTest@5ae50ce6]" started-at="2021-01-22T12:43:04 IST" name="code" data-provider="excelData" finished-at="2021-01-22T12:43:08 IST" duration-ms="3586" status="PASS">
          <params>
            <param index="0">
              <value>
                <![CDATA[https://www.carandbike.com/used/bikes-in-chennai]]>
              </value>
            </param>
          </params>
          <reporter-output>
          </reporter-output>
        </test-method> <!-- code -->
        <test-method signature="code(java.lang.String)[pri:0, instance:test.CarNbike.ProdTestSuite.LinkTest@5ae50ce6]" started-at="2021-01-22T12:43:08 IST" name="code" data-provider="excelData" finished-at="2021-01-22T12:43:11 IST" duration-ms="3828" status="PASS">
          <params>
            <param index="0">
              <value>
                <![CDATA[https://www.carandbike.com/used/bikes-in-kolkata]]>
              </value>
            </param>
          </params>
          <reporter-output>
          </reporter-output>
        </test-method> <!-- code -->
        <test-method signature="code(java.lang.String)[pri:0, instance:test.CarNbike.ProdTestSuite.LinkTest@5ae50ce6]" started-at="2021-01-22T12:43:11 IST" name="code" data-provider="excelData" finished-at="2021-01-22T12:43:15 IST" duration-ms="3532" status="PASS">
          <params>
            <param index="0">
              <value>
                <![CDATA[https://www.carandbike.com/used/bikes-in-ahmedabad]]>
              </value>
            </param>
          </params>
          <reporter-output>
          </reporter-output>
        </test-method> <!-- code -->
        <test-method signature="code(java.lang.String)[pri:0, instance:test.CarNbike.ProdTestSuite.LinkTest@5ae50ce6]" started-at="2021-01-22T12:43:15 IST" name="code" data-provider="excelData" finished-at="2021-01-22T12:43:19 IST" duration-ms="4169" status="PASS">
          <params>
            <param index="0">
              <value>
                <![CDATA[https://www.carandbike.com/used/bikes-in-lucknow]]>
              </value>
            </param>
          </params>
          <reporter-output>
          </reporter-output>
        </test-method> <!-- code -->
        <test-method signature="code(java.lang.String)[pri:0, instance:test.CarNbike.ProdTestSuite.LinkTest@5ae50ce6]" started-at="2021-01-22T12:43:19 IST" name="code" data-provider="excelData" finished-at="2021-01-22T12:43:23 IST" duration-ms="3596" status="PASS">
          <params>
            <param index="0">
              <value>
                <![CDATA[https://www.carandbike.com/used/bikes-under-10000]]>
              </value>
            </param>
          </params>
          <reporter-output>
          </reporter-output>
        </test-method> <!-- code -->
        <test-method signature="code(java.lang.String)[pri:0, instance:test.CarNbike.ProdTestSuite.LinkTest@5ae50ce6]" started-at="2021-01-22T12:43:23 IST" name="code" data-provider="excelData" finished-at="2021-01-22T12:43:27 IST" duration-ms="4347" status="PASS">
          <params>
            <param index="0">
              <value>
                <![CDATA[https://www.carandbike.com/used/bikes-under-20000]]>
              </value>
            </param>
          </params>
          <reporter-output>
          </reporter-output>
        </test-method> <!-- code -->
        <test-method signature="code(java.lang.String)[pri:0, instance:test.CarNbike.ProdTestSuite.LinkTest@5ae50ce6]" started-at="2021-01-22T12:43:27 IST" name="code" data-provider="excelData" finished-at="2021-01-22T12:43:31 IST" duration-ms="3444" status="PASS">
          <params>
            <param index="0">
              <value>
                <![CDATA[https://www.carandbike.com/used/bikes-20000-to-30000]]>
              </value>
            </param>
          </params>
          <reporter-output>
          </reporter-output>
        </test-method> <!-- code -->
        <test-method signature="code(java.lang.String)[pri:0, instance:test.CarNbike.ProdTestSuite.LinkTest@5ae50ce6]" started-at="2021-01-22T12:43:31 IST" name="code" data-provider="excelData" finished-at="2021-01-22T12:43:34 IST" duration-ms="3526" status="PASS">
          <params>
            <param index="0">
              <value>
                <![CDATA[https://www.carandbike.com/used/bikes-30000-to-40000]]>
              </value>
            </param>
          </params>
          <reporter-output>
          </reporter-output>
        </test-method> <!-- code -->
        <test-method signature="code(java.lang.String)[pri:0, instance:test.CarNbike.ProdTestSuite.LinkTest@5ae50ce6]" started-at="2021-01-22T12:43:34 IST" name="code" data-provider="excelData" finished-at="2021-01-22T12:43:38 IST" duration-ms="3462" status="PASS">
          <params>
            <param index="0">
              <value>
                <![CDATA[https://www.carandbike.com/used/bikes-40000-to-50000]]>
              </value>
            </param>
          </params>
          <reporter-output>
          </reporter-output>
        </test-method> <!-- code -->
        <test-method signature="code(java.lang.String)[pri:0, instance:test.CarNbike.ProdTestSuite.LinkTest@5ae50ce6]" started-at="2021-01-22T12:43:38 IST" name="code" data-provider="excelData" finished-at="2021-01-22T12:43:41 IST" duration-ms="3951" status="PASS">
          <params>
            <param index="0">
              <value>
                <![CDATA[https://www.carandbike.com/used/commuter-bikes]]>
              </value>
            </param>
          </params>
          <reporter-output>
          </reporter-output>
        </test-method> <!-- code -->
        <test-method signature="code(java.lang.String)[pri:0, instance:test.CarNbike.ProdTestSuite.LinkTest@5ae50ce6]" started-at="2021-01-22T12:43:41 IST" name="code" data-provider="excelData" finished-at="2021-01-22T12:43:45 IST" duration-ms="3747" status="PASS">
          <params>
            <param index="0">
              <value>
                <![CDATA[https://www.carandbike.com/used/scooter-bikes]]>
              </value>
            </param>
          </params>
          <reporter-output>
          </reporter-output>
        </test-method> <!-- code -->
        <test-method signature="code(java.lang.String)[pri:0, instance:test.CarNbike.ProdTestSuite.LinkTest@5ae50ce6]" started-at="2021-01-22T12:43:45 IST" name="code" data-provider="excelData" finished-at="2021-01-22T12:43:49 IST" duration-ms="4218" status="PASS">
          <params>
            <param index="0">
              <value>
                <![CDATA[https://www.carandbike.com/used/cruiser-bikes]]>
              </value>
            </param>
          </params>
          <reporter-output>
          </reporter-output>
        </test-method> <!-- code -->
        <test-method signature="code(java.lang.String)[pri:0, instance:test.CarNbike.ProdTestSuite.LinkTest@5ae50ce6]" started-at="2021-01-22T12:43:49 IST" name="code" data-provider="excelData" finished-at="2021-01-22T12:43:53 IST" duration-ms="3691" status="PASS">
          <params>
            <param index="0">
              <value>
                <![CDATA[https://www.carandbike.com/used/off-road-bikes]]>
              </value>
            </param>
          </params>
          <reporter-output>
          </reporter-output>
        </test-method> <!-- code -->
        <test-method signature="code(java.lang.String)[pri:0, instance:test.CarNbike.ProdTestSuite.LinkTest@5ae50ce6]" started-at="2021-01-22T12:43:53 IST" name="code" data-provider="excelData" finished-at="2021-01-22T12:43:57 IST" duration-ms="3782" status="PASS">
          <params>
            <param index="0">
              <value>
                <![CDATA[https://www.carandbike.com/used/sports-bikes]]>
              </value>
            </param>
          </params>
          <reporter-output>
          </reporter-output>
        </test-method> <!-- code -->
        <test-method signature="code(java.lang.String)[pri:0, instance:test.CarNbike.ProdTestSuite.LinkTest@5ae50ce6]" started-at="2021-01-22T12:43:57 IST" name="code" data-provider="excelData" finished-at="2021-01-22T12:44:01 IST" duration-ms="4230" status="PASS">
          <params>
            <param index="0">
              <value>
                <![CDATA[https://www.carandbike.com/new-bikes/scooters]]>
              </value>
            </param>
          </params>
          <reporter-output>
          </reporter-output>
        </test-method> <!-- code -->
        <test-method signature="code(java.lang.String)[pri:0, instance:test.CarNbike.ProdTestSuite.LinkTest@5ae50ce6]" started-at="2021-01-22T12:44:01 IST" name="code" data-provider="excelData" finished-at="2021-01-22T12:44:05 IST" duration-ms="4129" status="PASS">
          <params>
            <param index="0">
              <value>
                <![CDATA[https://www.carandbike.com/new-bikes/cruiser-bikes]]>
              </value>
            </param>
          </params>
          <reporter-output>
          </reporter-output>
        </test-method> <!-- code -->
        <test-method signature="code(java.lang.String)[pri:0, instance:test.CarNbike.ProdTestSuite.LinkTest@5ae50ce6]" started-at="2021-01-22T12:44:05 IST" name="code" data-provider="excelData" finished-at="2021-01-22T12:44:10 IST" duration-ms="4847" status="PASS">
          <params>
            <param index="0">
              <value>
                <![CDATA[https://www.carandbike.com/new-bikes/commuter-bikes]]>
              </value>
            </param>
          </params>
          <reporter-output>
          </reporter-output>
        </test-method> <!-- code -->
        <test-method signature="code(java.lang.String)[pri:0, instance:test.CarNbike.ProdTestSuite.LinkTest@5ae50ce6]" started-at="2021-01-22T12:44:10 IST" name="code" data-provider="excelData" finished-at="2021-01-22T12:44:14 IST" duration-ms="4203" status="PASS">
          <params>
            <param index="0">
              <value>
                <![CDATA[https://www.carandbike.com/new-bikes/sports-bikes]]>
              </value>
            </param>
          </params>
          <reporter-output>
          </reporter-output>
        </test-method> <!-- code -->
        <test-method signature="code(java.lang.String)[pri:0, instance:test.CarNbike.ProdTestSuite.LinkTest@5ae50ce6]" started-at="2021-01-22T12:44:14 IST" name="code" data-provider="excelData" finished-at="2021-01-22T12:44:18 IST" duration-ms="4004" status="PASS">
          <params>
            <param index="0">
              <value>
                <![CDATA[https://www.carandbike.com/new-bikes/off-road-bikes]]>
              </value>
            </param>
          </params>
          <reporter-output>
          </reporter-output>
        </test-method> <!-- code -->
        <test-method signature="code(java.lang.String)[pri:0, instance:test.CarNbike.ProdTestSuite.LinkTest@5ae50ce6]" started-at="2021-01-22T12:44:18 IST" name="code" data-provider="excelData" finished-at="2021-01-22T12:44:22 IST" duration-ms="4000" status="PASS">
          <params>
            <param index="0">
              <value>
                <![CDATA[https://www.carandbike.com/new-bikes/electric-bikes]]>
              </value>
            </param>
          </params>
          <reporter-output>
          </reporter-output>
        </test-method> <!-- code -->
        <test-method signature="code(java.lang.String)[pri:0, instance:test.CarNbike.ProdTestSuite.LinkTest@5ae50ce6]" started-at="2021-01-22T12:44:22 IST" name="code" data-provider="excelData" finished-at="2021-01-22T12:44:26 IST" duration-ms="3280" status="PASS">
          <params>
            <param index="0">
              <value>
                <![CDATA[https://www.carandbike.com/honda-bikes/activa-5g]]>
              </value>
            </param>
          </params>
          <reporter-output>
          </reporter-output>
        </test-method> <!-- code -->
        <test-method signature="code(java.lang.String)[pri:0, instance:test.CarNbike.ProdTestSuite.LinkTest@5ae50ce6]" started-at="2021-01-22T12:44:26 IST" name="code" data-provider="excelData" finished-at="2021-01-22T12:44:29 IST" duration-ms="2911" status="PASS">
          <params>
            <param index="0">
              <value>
                <![CDATA[https://www.carandbike.com/honda-bikes/activa-6g]]>
              </value>
            </param>
          </params>
          <reporter-output>
          </reporter-output>
        </test-method> <!-- code -->
        <test-method signature="code(java.lang.String)[pri:0, instance:test.CarNbike.ProdTestSuite.LinkTest@5ae50ce6]" started-at="2021-01-22T12:44:29 IST" name="code" data-provider="excelData" finished-at="2021-01-22T12:44:32 IST" duration-ms="3525" status="PASS">
          <params>
            <param index="0">
              <value>
                <![CDATA[https://www.carandbike.com/honda-bikes/cb-shine]]>
              </value>
            </param>
          </params>
          <reporter-output>
          </reporter-output>
        </test-method> <!-- code -->
        <test-method signature="code(java.lang.String)[pri:0, instance:test.CarNbike.ProdTestSuite.LinkTest@5ae50ce6]" started-at="2021-01-22T12:44:32 IST" name="code" data-provider="excelData" finished-at="2021-01-22T12:44:36 IST" duration-ms="3525" status="PASS">
          <params>
            <param index="0">
              <value>
                <![CDATA[https://www.carandbike.com/honda-bikes/cb-shine-sp]]>
              </value>
            </param>
          </params>
          <reporter-output>
          </reporter-output>
        </test-method> <!-- code -->
        <test-method signature="code(java.lang.String)[pri:0, instance:test.CarNbike.ProdTestSuite.LinkTest@5ae50ce6]" started-at="2021-01-22T12:44:36 IST" name="code" data-provider="excelData" finished-at="2021-01-22T12:44:39 IST" duration-ms="3496" status="PASS">
          <params>
            <param index="0">
              <value>
                <![CDATA[https://www.carandbike.com/honda-bikes/dio]]>
              </value>
            </param>
          </params>
          <reporter-output>
          </reporter-output>
        </test-method> <!-- code -->
        <test-method signature="code(java.lang.String)[pri:0, instance:test.CarNbike.ProdTestSuite.LinkTest@5ae50ce6]" started-at="2021-01-22T12:44:39 IST" name="code" data-provider="excelData" finished-at="2021-01-22T12:44:43 IST" duration-ms="3503" status="PASS">
          <params>
            <param index="0">
              <value>
                <![CDATA[https://www.carandbike.com/hero-bikes/hf-deluxe]]>
              </value>
            </param>
          </params>
          <reporter-output>
          </reporter-output>
        </test-method> <!-- code -->
        <test-method signature="code(java.lang.String)[pri:0, instance:test.CarNbike.ProdTestSuite.LinkTest@5ae50ce6]" started-at="2021-01-22T12:44:43 IST" name="code" data-provider="excelData" finished-at="2021-01-22T12:44:46 IST" duration-ms="3593" status="PASS">
          <params>
            <param index="0">
              <value>
                <![CDATA[https://www.carandbike.com/hero-bikes/hf-deluxe-i3s]]>
              </value>
            </param>
          </params>
          <reporter-output>
          </reporter-output>
        </test-method> <!-- code -->
        <test-method signature="code(java.lang.String)[pri:0, instance:test.CarNbike.ProdTestSuite.LinkTest@5ae50ce6]" started-at="2021-01-22T12:44:46 IST" name="code" data-provider="excelData" finished-at="2021-01-22T12:44:49 IST" duration-ms="3274" status="PASS">
          <params>
            <param index="0">
              <value>
                <![CDATA[https://www.carandbike.com/hero-bikes/passion-pro-i3s]]>
              </value>
            </param>
          </params>
          <reporter-output>
          </reporter-output>
        </test-method> <!-- code -->
        <test-method signature="code(java.lang.String)[pri:0, instance:test.CarNbike.ProdTestSuite.LinkTest@5ae50ce6]" started-at="2021-01-22T12:44:49 IST" name="code" data-provider="excelData" finished-at="2021-01-22T12:44:53 IST" duration-ms="3324" status="PASS">
          <params>
            <param index="0">
              <value>
                <![CDATA[https://www.carandbike.com/hero-bikes/splendor-plus]]>
              </value>
            </param>
          </params>
          <reporter-output>
          </reporter-output>
        </test-method> <!-- code -->
        <test-method signature="code(java.lang.String)[pri:0, instance:test.CarNbike.ProdTestSuite.LinkTest@5ae50ce6]" started-at="2021-01-22T12:44:53 IST" name="code" data-provider="excelData" finished-at="2021-01-22T12:44:56 IST" duration-ms="3416" status="PASS">
          <params>
            <param index="0">
              <value>
                <![CDATA[https://www.carandbike.com/hero-bikes/super-splendor]]>
              </value>
            </param>
          </params>
          <reporter-output>
          </reporter-output>
        </test-method> <!-- code -->
        <test-method signature="code(java.lang.String)[pri:0, instance:test.CarNbike.ProdTestSuite.LinkTest@5ae50ce6]" started-at="2021-01-22T12:44:56 IST" name="code" data-provider="excelData" finished-at="2021-01-22T12:44:59 IST" duration-ms="3098" status="PASS">
          <params>
            <param index="0">
              <value>
                <![CDATA[https://www.carandbike.com/yamaha-bikes/fz-s-v20-fi]]>
              </value>
            </param>
          </params>
          <reporter-output>
          </reporter-output>
        </test-method> <!-- code -->
        <test-method signature="code(java.lang.String)[pri:0, instance:test.CarNbike.ProdTestSuite.LinkTest@5ae50ce6]" started-at="2021-01-22T12:44:59 IST" name="code" data-provider="excelData" finished-at="2021-01-22T12:45:03 IST" duration-ms="3214" status="PASS">
          <params>
            <param index="0">
              <value>
                <![CDATA[https://www.carandbike.com/bajaj-bikes/pulsar-125]]>
              </value>
            </param>
          </params>
          <reporter-output>
          </reporter-output>
        </test-method> <!-- code -->
        <test-method signature="code(java.lang.String)[pri:0, instance:test.CarNbike.ProdTestSuite.LinkTest@5ae50ce6]" started-at="2021-01-22T12:45:03 IST" name="code" data-provider="excelData" finished-at="2021-01-22T12:45:06 IST" duration-ms="3230" status="PASS">
          <params>
            <param index="0">
              <value>
                <![CDATA[https://www.carandbike.com/bajaj-bikes/pulsar-150]]>
              </value>
            </param>
          </params>
          <reporter-output>
          </reporter-output>
        </test-method> <!-- code -->
        <test-method signature="code(java.lang.String)[pri:0, instance:test.CarNbike.ProdTestSuite.LinkTest@5ae50ce6]" started-at="2021-01-22T12:45:06 IST" name="code" data-provider="excelData" finished-at="2021-01-22T12:45:10 IST" duration-ms="4073" status="PASS">
          <params>
            <param index="0">
              <value>
                <![CDATA[https://www.carandbike.com/tvs-bikes/ntorq-125]]>
              </value>
            </param>
          </params>
          <reporter-output>
          </reporter-output>
        </test-method> <!-- code -->
        <test-method signature="code(java.lang.String)[pri:0, instance:test.CarNbike.ProdTestSuite.LinkTest@5ae50ce6]" started-at="2021-01-22T12:45:10 IST" name="code" data-provider="excelData" finished-at="2021-01-22T12:45:13 IST" duration-ms="2760" status="PASS">
          <params>
            <param index="0">
              <value>
                <![CDATA[https://www.carandbike.com/royal-enfield-bikes/classic-350]]>
              </value>
            </param>
          </params>
          <reporter-output>
          </reporter-output>
        </test-method> <!-- code -->
        <test-method signature="code(java.lang.String)[pri:0, instance:test.CarNbike.ProdTestSuite.LinkTest@5ae50ce6]" started-at="2021-01-22T12:45:13 IST" name="code" data-provider="excelData" finished-at="2021-01-22T12:45:16 IST" duration-ms="3346" status="PASS">
          <params>
            <param index="0">
              <value>
                <![CDATA[https://www.carandbike.com/royal-enfield-bikes/classic-500]]>
              </value>
            </param>
          </params>
          <reporter-output>
          </reporter-output>
        </test-method> <!-- code -->
        <test-method signature="code(java.lang.String)[pri:0, instance:test.CarNbike.ProdTestSuite.LinkTest@5ae50ce6]" started-at="2021-01-22T12:45:16 IST" name="code" data-provider="excelData" finished-at="2021-01-22T12:45:19 IST" duration-ms="3384" status="PASS">
          <params>
            <param index="0">
              <value>
                <![CDATA[https://www.carandbike.com/ktm-bikes/rc-200]]>
              </value>
            </param>
          </params>
          <reporter-output>
          </reporter-output>
        </test-method> <!-- code -->
        <test-method signature="code(java.lang.String)[pri:0, instance:test.CarNbike.ProdTestSuite.LinkTest@5ae50ce6]" started-at="2021-01-22T12:45:19 IST" name="code" data-provider="excelData" finished-at="2021-01-22T12:45:22 IST" duration-ms="2996" status="PASS">
          <params>
            <param index="0">
              <value>
                <![CDATA[https://www.carandbike.com/hero-honda-bikes/splendor-plus]]>
              </value>
            </param>
          </params>
          <reporter-output>
          </reporter-output>
        </test-method> <!-- code -->
        <test-method signature="code(java.lang.String)[pri:0, instance:test.CarNbike.ProdTestSuite.LinkTest@5ae50ce6]" started-at="2021-01-22T12:45:22 IST" name="code" data-provider="excelData" finished-at="2021-01-22T12:45:26 IST" duration-ms="3658" status="PASS">
          <params>
            <param index="0">
              <value>
                <![CDATA[https://www.carandbike.com/honda-bikes]]>
              </value>
            </param>
          </params>
          <reporter-output>
          </reporter-output>
        </test-method> <!-- code -->
        <test-method signature="code(java.lang.String)[pri:0, instance:test.CarNbike.ProdTestSuite.LinkTest@5ae50ce6]" started-at="2021-01-22T12:45:26 IST" name="code" data-provider="excelData" finished-at="2021-01-22T12:45:30 IST" duration-ms="3847" status="PASS">
          <params>
            <param index="0">
              <value>
                <![CDATA[https://www.carandbike.com/hero-bikes]]>
              </value>
            </param>
          </params>
          <reporter-output>
          </reporter-output>
        </test-method> <!-- code -->
        <test-method signature="code(java.lang.String)[pri:0, instance:test.CarNbike.ProdTestSuite.LinkTest@5ae50ce6]" started-at="2021-01-22T12:45:30 IST" name="code" data-provider="excelData" finished-at="2021-01-22T12:45:33 IST" duration-ms="3232" status="PASS">
          <params>
            <param index="0">
              <value>
                <![CDATA[https://www.carandbike.com/yamaha-bikes]]>
              </value>
            </param>
          </params>
          <reporter-output>
          </reporter-output>
        </test-method> <!-- code -->
        <test-method signature="code(java.lang.String)[pri:0, instance:test.CarNbike.ProdTestSuite.LinkTest@5ae50ce6]" started-at="2021-01-22T12:45:33 IST" name="code" data-provider="excelData" finished-at="2021-01-22T12:45:36 IST" duration-ms="3402" status="PASS">
          <params>
            <param index="0">
              <value>
                <![CDATA[https://www.carandbike.com/bajaj-bikes]]>
              </value>
            </param>
          </params>
          <reporter-output>
          </reporter-output>
        </test-method> <!-- code -->
        <test-method signature="code(java.lang.String)[pri:0, instance:test.CarNbike.ProdTestSuite.LinkTest@5ae50ce6]" started-at="2021-01-22T12:45:36 IST" name="code" data-provider="excelData" finished-at="2021-01-22T12:45:40 IST" duration-ms="3428" status="PASS">
          <params>
            <param index="0">
              <value>
                <![CDATA[https://www.carandbike.com/tvs-bikes]]>
              </value>
            </param>
          </params>
          <reporter-output>
          </reporter-output>
        </test-method> <!-- code -->
        <test-method signature="code(java.lang.String)[pri:0, instance:test.CarNbike.ProdTestSuite.LinkTest@5ae50ce6]" started-at="2021-01-22T12:45:40 IST" name="code" data-provider="excelData" finished-at="2021-01-22T12:45:43 IST" duration-ms="3370" status="PASS">
          <params>
            <param index="0">
              <value>
                <![CDATA[https://www.carandbike.com/suzuki-bikes]]>
              </value>
            </param>
          </params>
          <reporter-output>
          </reporter-output>
        </test-method> <!-- code -->
        <test-method signature="code(java.lang.String)[pri:0, instance:test.CarNbike.ProdTestSuite.LinkTest@5ae50ce6]" started-at="2021-01-22T12:45:43 IST" name="code" data-provider="excelData" finished-at="2021-01-22T12:45:46 IST" duration-ms="3205" status="PASS">
          <params>
            <param index="0">
              <value>
                <![CDATA[https://www.carandbike.com/royal-enfield-bikes]]>
              </value>
            </param>
          </params>
          <reporter-output>
          </reporter-output>
        </test-method> <!-- code -->
        <test-method signature="code(java.lang.String)[pri:0, instance:test.CarNbike.ProdTestSuite.LinkTest@5ae50ce6]" started-at="2021-01-22T12:45:46 IST" name="code" data-provider="excelData" finished-at="2021-01-22T12:45:50 IST" duration-ms="3358" status="PASS">
          <params>
            <param index="0">
              <value>
                <![CDATA[https://www.carandbike.com/kawasaki-bikes]]>
              </value>
            </param>
          </params>
          <reporter-output>
          </reporter-output>
        </test-method> <!-- code -->
        <test-method signature="code(java.lang.String)[pri:0, instance:test.CarNbike.ProdTestSuite.LinkTest@5ae50ce6]" started-at="2021-01-22T12:45:50 IST" name="code" data-provider="excelData" finished-at="2021-01-22T12:45:53 IST" duration-ms="3498" status="PASS">
          <params>
            <param index="0">
              <value>
                <![CDATA[https://www.carandbike.com/ktm-bikes]]>
              </value>
            </param>
          </params>
          <reporter-output>
          </reporter-output>
        </test-method> <!-- code -->
        <test-method signature="code(java.lang.String)[pri:0, instance:test.CarNbike.ProdTestSuite.LinkTest@5ae50ce6]" started-at="2021-01-22T12:45:53 IST" name="code" data-provider="excelData" finished-at="2021-01-22T12:45:56 IST" duration-ms="3021" status="PASS">
          <params>
            <param index="0">
              <value>
                <![CDATA[https://www.carandbike.com/jawa-bike]]>
              </value>
            </param>
          </params>
          <reporter-output>
          </reporter-output>
        </test-method> <!-- code -->
        <test-method is-config="true" signature="teardown()[pri:0, instance:test.CarNbike.ProdTestSuite.LinkTest@5ae50ce6]" started-at="2021-01-22T12:45:56 IST" name="teardown" finished-at="2021-01-22T12:45:58 IST" duration-ms="1405" status="PASS">
          <reporter-output>
          </reporter-output>
        </test-method> <!-- teardown -->
      </class> <!-- test.CarNbike.ProdTestSuite.LinkTest -->
    </test> <!-- Default test -->
  </suite> <!-- Default suite -->
</testng-results>
