<?xml version="1.0" encoding="UTF-8"?>
<testng-results ignored="0" total="1" passed="1" failed="0" skipped="0">
  <reporter-output>
  </reporter-output>
  <suite started-at="2020-10-22T16:07:11 IST" name="Default suite" finished-at="2020-10-22T16:08:13 IST" duration-ms="61749">
    <groups>
    </groups>
    <test started-at="2020-10-22T16:07:11 IST" name="Default test" finished-at="2020-10-22T16:08:13 IST" duration-ms="61749">
      <class name="test.CarNbike.ProdTestSuite.PaymentPageTest">
        <test-method is-config="true" signature="setup()[pri:0, instance:test.CarNbike.ProdTestSuite.PaymentPageTest@5c909414]" started-at="2020-10-22T16:07:11 IST" name="setup" finished-at="2020-10-22T16:07:36 IST" duration-ms="24635" status="PASS">
          <reporter-output>
          </reporter-output>
        </test-method> <!-- setup -->
        <test-method signature="code()[pri:0, instance:test.CarNbike.ProdTestSuite.PaymentPageTest@5c909414]" started-at="2020-10-22T16:07:36 IST" name="code" finished-at="2020-10-22T16:08:12 IST" duration-ms="36071" status="PASS">
          <reporter-output>
          </reporter-output>
        </test-method> <!-- code -->
        <test-method is-config="true" signature="teardown()[pri:0, instance:test.CarNbike.ProdTestSuite.PaymentPageTest@5c909414]" started-at="2020-10-22T16:08:12 IST" name="teardown" finished-at="2020-10-22T16:08:13 IST" duration-ms="827" status="PASS">
          <reporter-output>
          </reporter-output>
        </test-method> <!-- teardown -->
      </class> <!-- test.CarNbike.ProdTestSuite.PaymentPageTest -->
    </test> <!-- Default test -->
  </suite> <!-- Default suite -->
</testng-results>
